Running: C:\Xilinx\14.7\ISE_DS\ISE\bin\nt64\unwrapped\fuse.exe -intstyle ise -incremental -o C:/Users/migue/OneDrive/Escritorio/1 DE CARRERA/Fundamento de Computadoras/ZXRTHSRXT/P1EJ3b_tb_isim_beh.exe -prj C:/Users/migue/OneDrive/Escritorio/1 DE CARRERA/Fundamento de Computadoras/ZXRTHSRXT/P1EJ3b_tb_beh.prj work.P1EJ3b_tb 
ISim P.20131013 (signature 0x7708f090)
Number of CPUs detected in this system: 8
Turning on mult-threading, number of parallel sub-compilation jobs: 16 
Determining compilation order of HDL files
Parsing VHDL file "C:/Users/migue/OneDrive/Escritorio/1 DE CARRERA/Fundamento de Computadoras/ZXRTHSRXT/p1ej3b.vhf" into library work
Parsing VHDL file "C:/Users/migue/OneDrive/Escritorio/1 DE CARRERA/Fundamento de Computadoras/ZXRTHSRXT/../p1ej3b_tb.vhd" into library work
Starting static elaboration
Completed static elaboration
Compiling package standard
Compiling package std_logic_1164
Compiling package numeric_std
Compiling package vcomponents
Compiling architecture nor2_v of entity NOR2 [nor2_default]
Compiling architecture behavioral of entity p1ej3b [p1ej3b_default]
Compiling architecture behavioral of entity p1ej3b_tb
Time Resolution for simulation is 1ps.
Waiting for 1 sub-compilation(s) to finish...
Compiled 9 VHDL Units
Built simulation executable C:/Users/migue/OneDrive/Escritorio/1 DE CARRERA/Fundamento de Computadoras/ZXRTHSRXT/P1EJ3b_tb_isim_beh.exe
Fuse Memory Usage: 49772 KB
Fuse CPU Usage: 609 ms
