Running: C:\Xilinx\14.7\ISE_DS\ISE\bin\nt64\unwrapped\fuse.exe -intstyle ise -incremental -o C:/Users/migue/OneDrive/Escritorio/1 DE CARRERA/Fundamento de Computadoras/Pract1/P2EJ1a_tb_isim_beh.exe -prj C:/Users/migue/OneDrive/Escritorio/1 DE CARRERA/Fundamento de Computadoras/Pract1/P2EJ1a_tb_beh.prj work.P2EJ1a_tb 
ISim P.20131013 (signature 0x7708f090)
Number of CPUs detected in this system: 8
Turning on mult-threading, number of parallel sub-compilation jobs: 16 
Determining compilation order of HDL files
Parsing VHDL file "C:/Users/migue/OneDrive/Escritorio/1 DE CARRERA/Fundamento de Computadoras/Pract1/p2ej1a.vhf" into library work
Parsing VHDL file "C:/Users/migue/OneDrive/Escritorio/1 DE CARRERA/Fundamento de Computadoras/Pract1/../../../../../Downloads/Testbench 2/p2ej1a_tb.vhd" into library work
Parsing VHDL file "C:/Users/migue/OneDrive/Escritorio/1 DE CARRERA/Fundamento de Computadoras/Pract1/p2ej1b.vhf" into library work
Parsing VHDL file "C:/Users/migue/OneDrive/Escritorio/1 DE CARRERA/Fundamento de Computadoras/Pract1/p2ej2.vhf" into library work
Starting static elaboration
Completed static elaboration
Compiling package standard
Compiling package std_logic_1164
Compiling package std_logic_arith
Compiling package std_logic_unsigned
Compiling package numeric_std
Compiling package vcomponents
Compiling architecture and3_v of entity AND3 [and3_default]
Compiling architecture and3b1_v of entity AND3B1 [and3b1_default]
Compiling architecture or2_v of entity OR2 [or2_default]
Compiling architecture behavioral of entity M2_1E_MXILINX_p2ej1a [m2_1e_mxilinx_p2ej1a_default]
Compiling architecture muxf5_l_v of entity MUXF5_L [muxf5_l_default]
Compiling architecture muxf6_v of entity MUXF6 [muxf6_default]
Compiling architecture behavioral of entity M8_1E_MXILINX_p2ej1a [m8_1e_mxilinx_p2ej1a_default]
Compiling architecture inv_v of entity INV [inv_default]
Compiling architecture gnd_v of entity GND [gnd_default]
Compiling architecture behavioral of entity p2ej1a [p2ej1a_default]
Compiling architecture behavioral of entity p2ej1a_tb
Time Resolution for simulation is 1ps.
Waiting for 1 sub-compilation(s) to finish...
Compiled 27 VHDL Units
Built simulation executable C:/Users/migue/OneDrive/Escritorio/1 DE CARRERA/Fundamento de Computadoras/Pract1/P2EJ1a_tb_isim_beh.exe
Fuse Memory Usage: 51468 KB
Fuse CPU Usage: 562 ms
