Command line:
   P2EJ1a_tb_isim_beh.exe
     -simmode  gui
     -simrunnum  0
     -socket  65492

Wed Oct 28 11:23:13 2020


 Elaboration Time: 0.0625 sec

 Current Memory Usage: 5160.76 Meg

 Total Signals          : 106
 Total Nets             : 46
 Total Signal Drivers   : 18
 Total Blocks           : 23
 Total Primitive Blocks : 18
 Total Processes        : 18
 Total Traceable Variables  : 16
 Total Scalar Nets and Variables : 548
Total Line Count : 23

 Total Simulation Time: 0.078125 sec

 Current Memory Usage: 5003.48 Meg

Wed Oct 28 11:25:16 2020

