Running: C:\Xilinx\14.7\ISE_DS\ISE\bin\nt64\unwrapped\fuse.exe -intstyle ise -incremental -o C:/Users/migue/OneDrive/Escritorio/1 DE CARRERA/Fundamento de Computadoras/p1ej1a/P1EJ1a_tb_isim_beh.exe -prj C:/Users/migue/OneDrive/Escritorio/1 DE CARRERA/Fundamento de Computadoras/p1ej1a/P1EJ1a_tb_beh.prj work.P1EJ1a_tb 
ISim P.20131013 (signature 0x7708f090)
Number of CPUs detected in this system: 8
Turning on mult-threading, number of parallel sub-compilation jobs: 16 
Determining compilation order of HDL files
Parsing VHDL file "C:/Users/migue/OneDrive/Escritorio/1 DE CARRERA/Fundamento de Computadoras/p1ej1a/p1ej1a.vhf" into library work
Parsing VHDL file "C:/Users/migue/OneDrive/Escritorio/1 DE CARRERA/Fundamento de Computadoras/p1ej1a/../p1ej1a_tb.vhd" into library work
Starting static elaboration
Completed static elaboration
Compiling package standard
Compiling package std_logic_1164
Compiling package std_logic_arith
Compiling package std_logic_unsigned
Compiling package numeric_std
Compiling package vcomponents
Compiling architecture and2_v of entity AND2 [and2_default]
Compiling architecture and3_v of entity AND3 [and3_default]
Compiling architecture or2_v of entity OR2 [or2_default]
Compiling architecture inv_v of entity INV [inv_default]
Compiling architecture behavioral of entity p1ej1a [p1ej1a_default]
Compiling architecture behavioral of entity p1ej1a_tb
Time Resolution for simulation is 1ps.
Compiled 17 VHDL Units
Built simulation executable C:/Users/migue/OneDrive/Escritorio/1 DE CARRERA/Fundamento de Computadoras/p1ej1a/P1EJ1a_tb_isim_beh.exe
Fuse Memory Usage: 50464 KB
Fuse CPU Usage: 656 ms
