 1 0.000000 0.000000 0 0
 6 0.000000 9.870000 8 11
 11 0.000001 26.340000 21 29
 16 0.000001 45.780000 39 49
 21 0.000001 68.160000 61 73
 26 0.000002 91.870000 84 98
 31 0.000002 116.620000 105 123
 36 0.000002 143.300000 135 150
 41 0.000003 170.930000 162 178
 46 0.000003 198.700000 187 209
 51 0.000003 227.250000 219 239
 56 0.000004 256.400000 244 268
 61 0.000004 287.560000 278 295
 66 0.000005 318.820000 310 326
 71 0.000005 350.150000 339 362
 76 0.000006 381.870000 368 394
 81 0.000006 414.710000 400 428
 86 0.000007 447.530000 435 459
 91 0.000007 480.750000 461 494
 96 0.000007 513.800000 498 527
 101 0.000008 548.900000 533 564
 106 0.000009 583.540000 561 594
 111 0.000011 616.980000 603 630
 116 0.000012 652.260000 633 666
 121 0.000010 686.640000 674 700
 126 0.000010 722.430000 699 738
 131 0.000011 758.160000 741 774
 136 0.000012 795.060000 775 810
 141 0.000012 832.050000 816 848
 146 0.000012 869.010000 845 887
 151 0.000012 907.140000 890 925
 156 0.000013 943.690000 923 964
 161 0.000014 982.320000 961 1001
 166 0.000014 1019.170000 1001 1036
 171 0.000014 1056.860000 1034 1081
 176 0.000015 1096.840000 1072 1109
 181 0.000015 1135.050000 1116 1153
 186 0.000022 1173.540000 1150 1194
 191 0.000016 1211.990000 1191 1232
 196 0.000017 1249.190000 1226 1270
 201 0.000020 1289.260000 1264 1309
 206 0.000018 1328.000000 1305 1347
 211 0.000018 1367.940000 1347 1385
 216 0.000020 1408.040000 1393 1429
 221 0.000019 1446.280000 1425 1469
 226 0.000020 1486.130000 1467 1509
 231 0.000020 1526.590000 1508 1544
 236 0.000024 1566.390000 1533 1585
 241 0.000022 1606.810000 1584 1631
 246 0.000023 1645.180000 1622 1667
 251 0.000023 1684.840000 1663 1702
 256 0.000022 1727.190000 1704 1745
 261 0.000024 1768.660000 1744 1792
 266 0.000026 1809.650000 1788 1828
 271 0.000027 1853.200000 1833 1878
 276 0.000069 1891.500000 1866 1912
 281 0.000028 1936.700000 1915 1965
 286 0.000029 1979.740000 1947 2009
 291 0.000026 2023.360000 2001 2048
 296 0.000031 2064.480000 2039 2087
 301 0.000031 2105.700000 2067 2132
 306 0.000030 2150.600000 2123 2183
 311 0.000028 2191.420000 2166 2215
 316 0.000030 2230.540000 2198 2255
 321 0.000031 2275.890000 2248 2297
 326 0.000032 2320.290000 2293 2345
 331 0.000031 2362.310000 2336 2385
 336 0.000035 2403.380000 2371 2426
 341 0.000037 2450.520000 2429 2484
 346 0.000033 2492.650000 2465 2517
 351 0.000033 2533.070000 2494 2555
 356 0.000036 2576.530000 2542 2602
 361 0.000037 2622.390000 2598 2644
 366 0.000037 2665.540000 2628 2691
 371 0.000039 2705.340000 2681 2739
 376 0.000035 2749.660000 2720 2780
 381 0.000040 2792.340000 2768 2822
 386 0.000040 2837.840000 2808 2862
 391 0.000039 2880.890000 2851 2915
 396 0.000041 2924.600000 2892 2949
 401 0.000042 2968.500000 2938 2993
 406 0.000038 3014.240000 2978 3041
 411 0.000042 3060.110000 3036 3088
 416 0.000039 3101.680000 3066 3132
 421 0.000045 3147.790000 3120 3169
 426 0.000044 3191.060000 3160 3214
 431 0.000046 3235.120000 3209 3265
 436 0.000045 3279.790000 3250 3310
 441 0.000045 3323.990000 3291 3359
 446 0.000046 3370.220000 3335 3412
 451 0.000045 3416.070000 3384 3447
 456 0.000047 3458.880000 3424 3482
 461 0.000050 3505.540000 3473 3532
 466 0.000049 3548.630000 3513 3584
 471 0.000049 3593.600000 3557 3632
 476 0.000048 3636.720000 3602 3666
 481 0.000051 3683.600000 3658 3711
 486 0.000052 3727.000000 3701 3749
 491 0.000049 3773.310000 3750 3802
 496 0.000053 3820.920000 3785 3845
 501 0.000054 3863.930000 3839 3907
 506 0.000051 3911.900000 3884 3944
 511 0.000052 3954.350000 3919 3975
 516 0.000055 4001.120000 3969 4042
 521 0.000051 4045.610000 4017 4079
 526 0.000055 4092.820000 4057 4118
 531 0.000055 4143.210000 4114 4175
 536 0.000057 4189.690000 4153 4223
 541 0.000058 4234.940000 4203 4262
 546 0.000058 4283.050000 4240 4311
 551 0.000065 4331.560000 4294 4353
 556 0.000064 4376.870000 4346 4405
 561 0.000062 4422.800000 4386 4447
 566 0.000061 4470.990000 4429 4501
 571 0.000060 4517.580000 4486 4547
 576 0.000063 4564.880000 4529 4603
 581 0.000061 4612.260000 4576 4652
 586 0.000067 4660.180000 4622 4695
 591 0.000142 4705.970000 4659 4743
 596 0.000076 4753.160000 4711 4787
 601 0.000187 4801.670000 4750 4837
 606 0.000075 4849.350000 4806 4895
 611 0.000068 4894.260000 4860 4932
 616 0.000075 4945.090000 4910 4976
 621 0.000066 4993.810000 4949 5030
 626 0.000063 5037.310000 4995 5069
 631 0.000107 5087.710000 5047 5118
 636 0.000076 5134.900000 5092 5166
 641 0.000069 5182.810000 5139 5226
 646 0.000068 5229.370000 5196 5261
 651 0.000070 5277.220000 5230 5313
 656 0.000069 5326.340000 5278 5360
 661 0.000074 5376.250000 5336 5406
 666 0.000072 5419.390000 5368 5469
 671 0.000073 5470.300000 5437 5516
 676 0.000076 5516.700000 5480 5553
 681 0.000074 5566.470000 5520 5610
 686 0.000075 5612.010000 5576 5655
 691 0.000077 5660.780000 5629 5697
 696 0.000085 5709.100000 5659 5746
 701 0.000074 5759.450000 5726 5796
 706 0.000077 5807.290000 5777 5843
 711 0.000082 5854.490000 5811 5897
 716 0.000081 5899.460000 5858 5935
 721 0.000075 5953.510000 5911 5991
 726 0.000079 6003.170000 5963 6036
 731 0.000077 6048.310000 6012 6085
 736 0.000078 6098.650000 6065 6131
 741 0.000081 6144.330000 6092 6186
 746 0.000081 6192.650000 6159 6240
 751 0.000081 6242.550000 6210 6291
 756 0.000079 6290.300000 6246 6330
 761 0.000085 6339.780000 6307 6385
 766 0.000083 6386.420000 6341 6434
 771 0.000092 6433.510000 6381 6473
 776 0.000085 6482.130000 6445 6516
 781 0.000084 6534.020000 6491 6568
 786 0.000088 6584.010000 6545 6621
 791 0.000092 6633.240000 6605 6674
 796 0.000090 6679.690000 6632 6728
 801 0.000089 6729.830000 6673 6772
 806 0.000104 6780.750000 6737 6821
 811 0.000087 6830.430000 6794 6879
 816 0.000090 6881.500000 6839 6934
 821 0.000090 6927.330000 6883 6963
 826 0.000128 6975.130000 6935 7020
 831 0.000092 7029.660000 6981 7072
 836 0.000092 7078.390000 7027 7140
 841 0.000095 7126.200000 7076 7173
 846 0.000094 7176.690000 7125 7225
 851 0.000093 7225.240000 7185 7257
 856 0.000098 7276.150000 7233 7321
 861 0.000101 7324.610000 7275 7364
 866 0.000108 7370.230000 7309 7422
 871 0.000099 7424.150000 7363 7463
 876 0.000103 7469.170000 7422 7512
 881 0.000098 7520.670000 7480 7565
 886 0.000095 7570.650000 7535 7615
 891 0.000098 7620.030000 7580 7677
 896 0.000096 7672.820000 7627 7705
 901 0.000102 7718.100000 7665 7756
 906 0.000105 7767.600000 7732 7810
 911 0.000103 7819.870000 7777 7874
 916 0.000106 7869.240000 7822 7922
 921 0.000102 7921.740000 7882 7961
 926 0.000103 7966.340000 7928 8013
 931 0.000124 8017.980000 7971 8060
 936 0.000104 8065.870000 8014 8105
 941 0.000103 8118.160000 8064 8182
 946 0.000106 8169.550000 8121 8217
 951 0.000113 8220.610000 8179 8259
 956 0.000108 8264.410000 8208 8317
 961 0.000108 8318.180000 8281 8371
 966 0.000112 8370.350000 8324 8414
 971 0.000111 8416.350000 8379 8460
 976 0.000106 8469.230000 8413 8515
 981 0.000108 8514.000000 8466 8560
 986 0.000108 8568.170000 8524 8608
 991 0.000109 8619.140000 8572 8652
 996 0.000126 8666.270000 8625 8712
 1001 0.000108 8717.550000 8664 8751
 1006 0.000112 8768.050000 8727 8815
 1011 0.000117 8816.350000 8765 8857
 1016 0.000113 8867.920000 8805 8912
 1021 0.000121 8919.600000 8876 8955
 1026 0.000111 8969.090000 8903 9005
 1031 0.000117 9020.200000 8975 9056
 1036 0.000120 9071.610000 9029 9116
 1041 0.000116 9122.850000 9080 9168
 1046 0.000122 9181.000000 9136 9214
 1051 0.000119 9228.870000 9170 9277
 1056 0.000118 9279.840000 9234 9320
 1061 0.000146 9328.400000 9283 9373
 1066 0.000122 9385.860000 9336 9426
 1071 0.000127 9434.660000 9382 9476
 1076 0.000124 9485.250000 9441 9521
 1081 0.000144 9541.140000 9493 9583
 1086 0.000130 9595.360000 9552 9636
 1091 0.000124 9646.690000 9594 9695
 1096 0.000126 9696.500000 9637 9740
 1101 0.000123 9745.880000 9687 9799
 1106 0.000131 9803.040000 9758 9848
 1111 0.000127 9850.390000 9804 9884
 1116 0.000130 9905.270000 9854 9961
 1121 0.000127 9958.480000 9902 9998
 1126 0.000138 10010.270000 9950 10074
 1131 0.000129 10060.060000 10008 10099
 1136 0.000135 10112.780000 10067 10160
 1141 0.000130 10169.670000 10133 10211
 1146 0.000134 10216.740000 10163 10264
 1151 0.000134 10273.420000 10216 10319
 1156 0.000133 10322.590000 10280 10368
 1161 0.000135 10375.880000 10304 10418
 1166 0.000148 10430.410000 10365 10480
 1171 0.000134 10481.440000 10441 10530
 1176 0.000136 10531.970000 10480 10575
 1181 0.000140 10583.950000 10534 10615
 1186 0.000139 10634.910000 10581 10684
 1191 0.000150 10687.920000 10646 10728
 1196 0.000146 10740.980000 10683 10787
 1201 0.000143 10792.780000 10741 10837
 1206 0.000145 10847.320000 10788 10902
 1211 0.000141 10896.680000 10845 10956
 1216 0.000142 10956.070000 10909 11008
 1221 0.000144 11004.440000 10961 11043
 1226 0.000153 11054.190000 11001 11111
 1231 0.000144 11109.260000 11047 11169
 1236 0.000141 11162.320000 11115 11213
 1241 0.000146 11215.810000 11171 11261
 1246 0.000147 11261.940000 11188 11327
 1251 0.000149 11317.210000 11267 11370
 1256 0.000147 11370.990000 11311 11410
 1261 0.000147 11423.150000 11378 11468
 1266 0.000152 11478.210000 11431 11539
 1271 0.000153 11529.070000 11478 11571
 1276 0.000146 11580.140000 11520 11629
 1281 0.000168 11630.760000 11572 11694
 1286 0.000157 11689.810000 11626 11734
 1291 0.000159 11740.480000 11689 11801
 1296 0.000156 11791.310000 11743 11845
 1301 0.000159 11848.210000 11797 11910
 1306 0.000156 11900.520000 11836 11969
 1311 0.000168 11953.240000 11898 12001
 1316 0.000162 12004.750000 11949 12063
 1321 0.000157 12061.470000 12013 12118
 1326 0.000163 12112.100000 12059 12178
 1331 0.000174 12163.860000 12091 12222
 1336 0.000168 12218.050000 12161 12265
 1341 0.000164 12270.870000 12219 12312
 1346 0.000162 12322.160000 12261 12382
 1351 0.000166 12375.690000 12317 12425
 1356 0.000173 12427.310000 12359 12481
 1361 0.000169 12478.180000 12425 12550
 1366 0.000168 12536.850000 12481 12596
 1371 0.000180 12586.450000 12530 12628
 1376 0.000185 12642.900000 12577 12698
 1381 0.000290 12693.870000 12608 12744
 1386 0.000201 12745.010000 12706 12795
 1391 0.000186 12797.250000 12745 12842
 1396 0.000168 12848.950000 12801 12903
 1401 0.000172 12909.790000 12860 12965
 1406 0.000172 12959.470000 12895 13009
 1411 0.000169 13010.350000 12956 13050
 1416 0.000170 13062.960000 13000 13125
 1421 0.000174 13120.210000 13051 13181
 1426 0.000176 13171.870000 13118 13221
 1431 0.000180 13224.790000 13174 13269
 1436 0.000172 13281.680000 13236 13356
 1441 0.000181 13334.040000 13280 13378
 1446 0.000187 13387.130000 13342 13435
 1451 0.000176 13437.990000 13378 13520
 1456 0.000175 13494.380000 13429 13550
 1461 0.000210 13544.810000 13498 13597
 1466 0.000184 13600.170000 13555 13646
 1471 0.000180 13655.210000 13604 13703
 1476 0.000171 13706.640000 13652 13772
 1481 0.000174 13757.860000 13711 13809
 1486 0.000176 13813.050000 13767 13860
 1491 0.000190 13864.590000 13822 13937
 1496 0.000185 13913.630000 13860 13999
 1501 0.000186 13970.980000 13900 14016
 1506 0.000183 14027.360000 13973 14097
 1511 0.000180 14077.340000 14018 14130
 1516 0.000183 14130.380000 14070 14201
 1521 0.000179 14182.250000 14082 14249
 1526 0.000184 14239.150000 14180 14279
 1531 0.000178 14291.080000 14237 14351
 1536 0.000193 14343.810000 14274 14417
 1541 0.000187 14398.880000 14351 14471
 1546 0.000192 14451.940000 14383 14500
 1551 0.000188 14506.970000 14461 14563
 1556 0.000192 14565.090000 14508 14620
 1561 0.000187 14614.590000 14558 14681
 1566 0.000193 14670.410000 14611 14733
 1571 0.000186 14727.060000 14681 14779
 1576 0.000191 14778.770000 14701 14842
 1581 0.000192 14835.970000 14766 14900
 1586 0.000196 14885.880000 14826 14947
 1591 0.000188 14942.860000 14886 14997
 1596 0.000198 14992.760000 14922 15046
 1601 0.000193 15047.090000 14999 15106
 1606 0.000197 15101.780000 15036 15189
 1611 0.000206 15162.580000 15102 15224
 1616 0.000191 15212.680000 15146 15275
 1621 0.000191 15267.350000 15216 15325
 1626 0.000201 15318.550000 15248 15377
 1631 0.000223 15375.500000 15321 15426
 1636 0.000196 15433.120000 15364 15485
 1641 0.000193 15486.130000 15419 15558
 1646 0.000197 15537.060000 15471 15598
 1651 0.000200 15594.990000 15553 15650
 1656 0.000203 15649.520000 15586 15707
 1661 0.000211 15703.590000 15641 15763
 1666 0.000198 15762.030000 15699 15824
 1671 0.000199 15811.770000 15743 15872
 1676 0.000203 15864.810000 15798 15922
 1681 0.000209 15918.140000 15869 15970
 1686 0.000204 15974.460000 15897 16032
 1691 0.000208 16027.830000 15961 16088
 1696 0.000213 16082.810000 16028 16127
 1701 0.000208 16135.780000 16076 16191
 1706 0.000217 16193.950000 16130 16259
 1711 0.000217 16244.160000 16167 16325
 1716 0.000218 16303.230000 16249 16389
 1721 0.000228 16352.140000 16298 16417
 1726 0.000209 16411.950000 16342 16461
 1731 0.000206 16464.520000 16415 16534
 1736 0.000214 16516.470000 16454 16574
 1741 0.000212 16575.500000 16521 16631
 1746 0.000212 16630.430000 16580 16690
 1751 0.000217 16682.980000 16611 16740
 1756 0.000210 16737.340000 16668 16793
 1761 0.000252 16794.550000 16721 16849
 1766 0.000231 16846.410000 16771 16910
 1771 0.000253 16903.790000 16808 16958
 1776 0.000215 16956.120000 16905 17018
 1781 0.000215 17011.460000 16946 17072
 1786 0.000209 17064.510000 17002 17127
 1791 0.000209 17111.520000 17059 17170
 1796 0.000217 17172.320000 17128 17232
 1801 0.000214 17227.840000 17164 17295
 1806 0.000216 17285.640000 17234 17341
 1811 0.000228 17338.350000 17284 17388
 1816 0.000220 17388.730000 17332 17454
 1821 0.000221 17447.660000 17403 17497
 1826 0.000237 17503.720000 17443 17560
 1831 0.000227 17554.400000 17497 17600
 1836 0.000235 17611.330000 17556 17667
 1841 0.000394 17669.260000 17598 17722
 1846 0.000233 17717.320000 17647 17791
 1851 0.000222 17774.600000 17709 17846
 1856 0.000222 17835.390000 17765 17901
 1861 0.000231 17884.970000 17818 17935
 1866 0.000226 17940.380000 17879 18021
 1871 0.000225 17993.110000 17935 18068
 1876 0.000227 18051.910000 17994 18112
 1881 0.000232 18102.010000 18027 18155
 1886 0.000233 18162.840000 18118 18252
 1891 0.000250 18214.570000 18150 18279
 1896 0.000231 18271.450000 18197 18333
 1901 0.000230 18325.920000 18273 18393
 1906 0.000234 18380.890000 18316 18448
 1911 0.000236 18432.860000 18380 18488
 1916 0.000229 18487.850000 18413 18555
 1921 0.000243 18545.560000 18481 18601
 1926 0.000238 18598.160000 18546 18645
 1931 0.000237 18658.230000 18571 18737
 1936 0.000239 18708.270000 18616 18778
 1941 0.000234 18765.610000 18708 18816
 1946 0.000238 18818.320000 18758 18871
 1951 0.000243 18871.880000 18822 18932
 1956 0.000265 18927.100000 18866 18989
 1961 0.000243 18983.230000 18912 19037
 1966 0.000267 19039.420000 18978 19107
 1971 0.000247 19095.940000 19036 19151
 1976 0.000238 19149.430000 19096 19194
 1981 0.000240 19200.720000 19149 19260
 1986 0.000244 19254.150000 19197 19304
 1991 0.000250 19317.890000 19270 19416
 1996 0.000254 19369.980000 19323 19432
 2001 0.000250 19423.120000 19346 19481
 2006 0.000251 19476.350000 19417 19531
 2011 0.000263 19534.500000 19460 19585
 2016 0.000246 19588.630000 19518 19645
 2021 0.000268 19642.620000 19575 19726
 2026 0.000249 19703.780000 19633 19765
 2031 0.000248 19754.440000 19691 19826
 2036 0.000241 19803.170000 19747 19853
 2041 0.000246 19859.640000 19808 19930
 2046 0.000250 19919.890000 19818 19989
 2051 0.000250 19973.850000 19909 20041
 2056 0.000254 20029.970000 19973 20095
 2061 0.000249 20085.650000 20014 20172
 2066 0.000255 20144.100000 20083 20207
 2071 0.000258 20202.350000 20091 20267
 2076 0.000263 20260.870000 20169 20317
 2081 0.000245 20319.300000 20238 20372
 2086 0.000253 20374.640000 20319 20438
 2091 0.000254 20433.330000 20382 20498
 2096 0.000258 20490.600000 20435 20566
 2101 0.000265 20543.310000 20470 20596
 2106 0.000259 20604.360000 20541 20655
 2111 0.000255 20659.450000 20580 20710
 2116 0.000259 20719.460000 20643 20774
 2121 0.000265 20772.490000 20717 20842
 2126 0.000262 20826.230000 20769 20879
 2131 0.000302 20888.080000 20823 20961
 2136 0.000263 20944.580000 20897 21007
 2141 0.000281 20999.480000 20931 21068
 2146 0.000266 21060.920000 20993 21117
 2151 0.000268 21115.830000 21045 21181
 2156 0.000269 21171.770000 21117 21230
 2161 0.000265 21232.460000 21175 21286
 2166 0.000267 21288.030000 21210 21352
 2171 0.000272 21344.400000 21293 21402
 2176 0.000261 21398.380000 21330 21449
 2181 0.000272 21464.430000 21389 21519
 2186 0.000298 21514.900000 21459 21595
 2191 0.000281 21572.120000 21513 21632
 2196 0.000267 21631.340000 21566 21685
 2201 0.000294 21684.910000 21626 21768
 2206 0.000286 21740.780000 21677 21795
 2211 0.000287 21798.690000 21738 21879
 2216 0.000276 21861.660000 21792 21910
 2221 0.000281 21915.120000 21853 21977
 2226 0.000282 21971.280000 21908 22036
 2231 0.000279 22027.860000 21932 22092
 2236 0.000282 22091.240000 22034 22158
 2241 0.000293 22146.940000 22087 22220
 2246 0.000284 22203.420000 22141 22263
 2251 0.000279 22256.530000 22139 22322
 2256 0.000278 22312.250000 22251 22368
 2261 0.000277 22374.070000 22293 22436
 2266 0.000277 22427.060000 22336 22505
 2271 0.000282 22485.670000 22411 22548
 2276 0.000284 22538.960000 22480 22619
 2281 0.000286 22598.130000 22538 22670
 2286 0.000294 22655.160000 22560 22715
 2291 0.000321 22718.080000 22647 22773
 2296 0.000281 22770.320000 22677 22857
 2301 0.000301 22830.730000 22741 22891
 2306 0.000285 22885.180000 22790 22972
 2311 0.000291 22948.600000 22892 23013
 2316 0.000290 23003.820000 22948 23080
 2321 0.000284 23061.120000 22967 23129
 2326 0.000286 23113.030000 23042 23169
 2331 0.000285 23174.080000 23099 23244
 2336 0.000290 23229.680000 23155 23306
 2341 0.000290 23288.840000 23196 23348
 2346 0.000312 23341.910000 23261 23411
 2351 0.000294 23398.340000 23331 23465
 2356 0.000292 23459.050000 23394 23525
 2361 0.000317 23519.990000 23442 23582
 2366 0.000312 23578.350000 23512 23631
 2371 0.000294 23630.340000 23537 23715
 2376 0.000301 23691.970000 23628 23797
 2381 0.000297 23746.460000 23651 23817
 2386 0.000296 23802.820000 23752 23867
 2391 0.000308 23860.440000 23795 23927
 2396 0.000304 23920.970000 23826 23981
 2401 0.000298 23981.830000 23924 24038
 2406 0.000300 24039.400000 23961 24121
 2411 0.000300 24086.740000 23989 24156
 2416 0.000312 24144.650000 24079 24213
 2421 0.000305 24209.760000 24117 24284
 2426 0.000297 24267.950000 24190 24327
 2431 0.000307 24323.360000 24253 24418
 2436 0.000305 24375.800000 24295 24462
 2441 0.000304 24431.650000 24337 24508
 2446 0.000340 24494.870000 24418 24571
 2451 0.000323 24545.940000 24480 24628
 2456 0.000317 24609.300000 24515 24702
 2461 0.000327 24669.380000 24588 24751
 2466 0.000311 24728.050000 24647 24803
 2471 0.000309 24776.600000 24704 24841
 2476 0.000309 24840.260000 24744 24909
 2481 0.000310 24899.850000 24815 24962
 2486 0.000316 24955.090000 24891 25020
 2491 0.000332 25012.280000 24958 25077
 2496 0.000315 25063.690000 24992 25141
 2501 0.000315 25125.840000 25056 25208
 2506 0.000378 25183.990000 25104 25238
 2511 0.000336 25241.060000 25173 25317
 2516 0.000327 25297.790000 25232 25387
 2521 0.000313 25354.120000 25263 25424
 2526 0.000324 25415.750000 25327 25476
 2531 0.000324 25471.010000 25396 25542
 2536 0.000343 25527.980000 25473 25601
 2541 0.000319 25584.740000 25509 25658
 2546 0.000323 25634.690000 25555 25702
 2551 0.000318 25699.740000 25624 25771
 2556 0.000323 25760.480000 25687 25828
 2561 0.000338 25820.560000 25742 25911
 2566 0.000403 25876.190000 25796 25943
 2571 0.000326 25930.880000 25857 26008
 2576 0.000324 25983.840000 25901 26051
 2581 0.000356 26042.760000 25961 26122
 2586 0.000345 26105.090000 26029 26180
 2591 0.000328 26164.980000 26095 26238
 2596 0.000338 26219.000000 26120 26292
 2601 0.000324 26284.410000 26225 26357
 2606 0.000329 26339.650000 26235 26415
 2611 0.000328 26395.630000 26331 26474
 2616 0.000331 26449.620000 26369 26521
 2621 0.000335 26511.140000 26427 26581
 2626 0.000352 26570.320000 26501 26670
 2631 0.000338 26623.670000 26546 26680
 2636 0.000327 26689.910000 26605 26790
 2641 0.000336 26748.600000 26684 26816
 2646 0.000343 26804.030000 26741 26886
 2651 0.000340 26861.870000 26782 26955
 2656 0.000335 26921.850000 26837 26974
 2661 0.000335 26972.430000 26881 27044
 2666 0.000348 27038.200000 26958 27100
 2671 0.000361 27086.400000 27019 27175
 2676 0.000344 27147.790000 27050 27227
 2681 0.000340 27206.950000 27142 27266
 2686 0.000387 27264.490000 27203 27341
 2691 0.000379 27323.250000 27234 27404
 2696 0.000343 27386.810000 27325 27473
 2701 0.000349 27441.570000 27375 27522
 2706 0.000345 27496.970000 27388 27582
 2711 0.000339 27550.500000 27476 27605
 2716 0.000376 27617.550000 27553 27690
 2721 0.000372 27668.410000 27564 27749
 2726 0.000358 27727.860000 27651 27803
 2731 0.000358 27786.760000 27714 27857
 2736 0.000360 27846.510000 27769 27939
 2741 0.000362 27904.910000 27808 27974
 2746 0.000367 27964.560000 27891 28051
 2751 0.000364 28016.460000 27940 28071
 2756 0.000526 28072.650000 28000 28193
 2761 0.000351 28135.290000 28055 28228
 2766 0.000359 28193.470000 28112 28267
 2771 0.000380 28253.130000 28184 28326
 2776 0.000377 28312.810000 28232 28392
 2781 0.000353 28371.720000 28309 28457
 2786 0.000354 28424.280000 28352 28498
 2791 0.000358 28485.120000 28413 28566
 2796 0.000387 28542.730000 28450 28614
 2801 0.000351 28602.220000 28514 28703
 2806 0.000356 28656.880000 28581 28729
 2811 0.000363 28718.820000 28634 28792
 2816 0.000374 28780.620000 28694 28835
 2821 0.000360 28831.900000 28767 28917
 2826 0.000354 28890.080000 28797 28991
 2831 0.000365 28947.160000 28868 29030
 2836 0.000384 29011.980000 28922 29090
 2841 0.000383 29071.310000 29021 29137
 2846 0.000393 29125.510000 29049 29238
 2851 0.000406 29183.150000 29087 29275
 2856 0.000401 29237.900000 29141 29305
 2861 0.000406 29298.570000 29211 29376
 2866 0.000516 29365.440000 29274 29447
 2871 0.000358 29415.510000 29331 29491
 2876 0.000433 29474.610000 29376 29575
 2881 0.000394 29539.260000 29439 29626
 2886 0.000390 29595.660000 29521 29685
 2891 0.000369 29650.330000 29584 29733
 2896 0.000385 29714.390000 29631 29786
 2901 0.000371 29765.370000 29690 29849
 2906 0.000379 29819.920000 29706 29884
 2911 0.000396 29882.120000 29790 29972
 2916 0.000382 29938.060000 29851 30011
 2921 0.000406 30004.260000 29933 30097
 2926 0.000389 30055.280000 29955 30126
 2931 0.000393 30112.430000 30015 30202
 2936 0.000437 30174.450000 30098 30233
 2941 0.000374 30230.440000 30155 30314
 2946 0.000432 30285.330000 30179 30366
 2951 0.000594 30353.490000 30271 30432
 2956 0.000424 30411.560000 30339 30483
 2961 0.000396 30471.410000 30401 30542
 2966 0.000373 30518.540000 30453 30606
 2971 0.000386 30581.420000 30499 30655
 2976 0.000398 30643.500000 30579 30713
 2981 0.000378 30699.710000 30610 30770
 2986 0.000383 30755.410000 30687 30841
 2991 0.000417 30814.060000 30740 30907
 2996 0.000379 30875.500000 30813 30958
 3001 0.000391 30928.150000 30852 31006
 3006 0.000412 30991.660000 30914 31067
 3011 0.000388 31053.850000 30955 31140
 3016 0.000392 31107.080000 31031 31225
 3021 0.000396 31162.660000 31097 31257
 3026 0.000410 31225.440000 31139 31306
 3031 0.000420 31279.210000 31193 31355
 3036 0.000419 31333.580000 31265 31398
 3041 0.000424 31393.150000 31302 31453
 3046 0.000422 31459.440000 31384 31546
 3051 0.000427 31508.040000 31424 31587
 3056 0.000416 31569.860000 31475 31637
 3061 0.000420 31633.660000 31551 31724
 3066 0.000425 31690.690000 31612 31767
 3071 0.000413 31752.940000 31665 31822
 3076 0.000428 31802.550000 31722 31865
 3081 0.000410 31870.200000 31776 31948
 3086 0.000406 31924.120000 31817 32001
 3091 0.000386 31988.510000 31917 32046
 3096 0.000397 32044.690000 31951 32137
 3101 0.000443 32099.460000 32010 32187
 3106 0.000436 32163.080000 32086 32234
 3111 0.000450 32219.290000 32147 32303
 3116 0.000430 32282.050000 32207 32379
 3121 0.000440 32337.010000 32246 32421
 3126 0.000434 32400.140000 32336 32473
 3131 0.000474 32464.310000 32392 32542
 3136 0.000440 32519.910000 32433 32600
 3141 0.000404 32576.690000 32495 32667
 3146 0.000401 32641.480000 32565 32721
 3151 0.000433 32700.360000 32594 32783
 3156 0.000430 32754.730000 32679 32821
 3161 0.000416 32816.670000 32725 32893
 3166 0.000420 32873.450000 32784 32956
 3171 0.000449 32939.370000 32865 33041
 3176 0.000422 32985.980000 32890 33102
 3181 0.000413 33048.490000 32973 33115
 3186 0.000411 33113.630000 33014 33199
 3191 0.000422 33173.430000 33094 33256
 3196 0.000422 33230.490000 33150 33306
 3201 0.000414 33289.760000 33210 33382
 3206 0.000443 33356.810000 33259 33426
 3211 0.000458 33405.210000 33329 33484
 3216 0.000444 33466.670000 33379 33552
 3221 0.000449 33528.510000 33436 33608
 3226 0.000443 33585.950000 33499 33668
 3231 0.000445 33650.490000 33568 33716
 3236 0.000560 33698.370000 33623 33763
 3241 0.000425 33759.540000 33671 33833
 3246 0.000441 33818.990000 33740 33895
 3251 0.000474 33882.440000 33798 33965
 3256 0.000463 33940.350000 33871 34029
 3261 0.000454 34003.860000 33923 34084
 3266 0.000443 34060.930000 33979 34132
 3271 0.000457 34120.880000 34058 34212
 3276 0.000446 34180.450000 34101 34269
 3281 0.000459 34236.080000 34138 34298
 3286 0.000440 34297.620000 34166 34382
 3291 0.000477 34355.300000 34261 34426
 3296 0.000470 34416.690000 34329 34502
 3301 0.000472 34475.580000 34402 34586
 3306 0.000464 34533.480000 34441 34612
 3311 0.000449 34590.750000 34525 34671
 3316 0.000434 34659.290000 34564 34728
 3321 0.000440 34711.700000 34574 34798
 3326 0.000452 34769.830000 34666 34842
 3331 0.000440 34832.670000 34740 34920
 3336 0.000439 34889.120000 34789 34991
 3341 0.000439 34947.430000 34860 35025
 3346 0.000433 35014.370000 34928 35093
 3351 0.000448 35071.600000 34966 35158
 3356 0.000439 35124.720000 35032 35217
 3361 0.000444 35191.770000 35104 35270
 3366 0.000440 35237.900000 35145 35338
 3371 0.000474 35305.330000 35203 35388
 3376 0.000454 35370.760000 35271 35446
 3381 0.000476 35428.180000 35329 35524
 3386 0.000461 35482.290000 35407 35567
 3391 0.000458 35546.690000 35472 35605
 3396 0.000482 35603.820000 35522 35672
 3401 0.000480 35666.130000 35571 35767
 3406 0.000465 35720.100000 35629 35827
 3411 0.000464 35776.170000 35654 35876
 3416 0.000459 35841.850000 35761 35942
 3421 0.000503 35904.650000 35832 35990
 3426 0.000470 35959.820000 35884 36064
 3431 0.000456 36021.650000 35942 36122
 3436 0.000446 36079.820000 35981 36151
 3441 0.000477 36139.960000 36044 36214
 3446 0.000471 36199.020000 36131 36274
 3451 0.000493 36259.880000 36165 36351
 3456 0.000462 36316.630000 36244 36386
 3461 0.000456 36375.160000 36305 36465
 3466 0.000474 36438.710000 36341 36523
 3471 0.000461 36493.890000 36405 36592
 3476 0.000461 36550.810000 36453 36629
 3481 0.000446 36611.190000 36532 36685
 3486 0.000462 36676.360000 36582 36762
 3491 0.000468 36738.920000 36673 36827
 3496 0.000448 36794.220000 36717 36863
 3501 0.000485 36853.120000 36762 36925
 3506 0.000449 36906.510000 36817 36984
 3511 0.000455 36972.930000 36880 37079
 3516 0.000472 37032.210000 36936 37131
 3521 0.000468 37091.170000 37032 37171
 3526 0.000491 37150.510000 37055 37248
 3531 0.000505 37209.480000 37141 37289
 3536 0.000481 37277.580000 37180 37350
 3541 0.000480 37334.450000 37239 37405
 3546 0.000513 37392.140000 37302 37462
 3551 0.000483 37448.920000 37376 37530
 3556 0.000507 37503.710000 37442 37588
 3561 0.000557 37571.110000 37478 37649
 3566 0.000522 37624.210000 37526 37744
 3571 0.000522 37684.920000 37603 37758
 3576 0.000513 37748.560000 37654 37828
 3581 0.000520 37797.840000 37721 37881
 3586 0.000528 37871.490000 37779 37932
 3591 0.000540 37930.300000 37854 38035
 3596 0.000516 37988.070000 37906 38061
 3601 0.000549 38044.210000 37972 38151
 3606 0.000573 38099.030000 38017 38208
 3611 0.000552 38164.710000 38093 38230
 3616 0.000599 38223.960000 38104 38325
 3621 0.000564 38280.700000 38196 38372
 3626 0.000552 38348.430000 38259 38434
 3631 0.000551 38404.130000 38305 38500
 3636 0.000546 38467.790000 38354 38568
 3641 0.000569 38518.960000 38436 38593
 3646 0.000592 38585.700000 38471 38657
 3651 0.000548 38639.350000 38535 38716
 3656 0.000557 38694.340000 38610 38769
 3661 0.000566 38757.550000 38673 38872
 3666 0.000568 38820.850000 38739 38918
 3671 0.000593 38881.370000 38810 38966
 3676 0.000594 38938.920000 38856 39011
 3681 0.000609 38996.790000 38890 39080
 3686 0.000585 39060.810000 38975 39150
 3691 0.000592 39119.420000 39024 39183
 3696 0.000601 39178.890000 39107 39290
 3701 0.000559 39243.880000 39169 39328
 3706 0.000571 39301.810000 39225 39404
 3711 0.000596 39358.590000 39271 39428
 3716 0.000550 39423.830000 39325 39497
 3721 0.000567 39479.910000 39386 39593
 3726 0.000613 39534.940000 39446 39676
 3731 0.000558 39599.870000 39529 39682
 3736 0.000573 39656.840000 39558 39746
 3741 0.000568 39714.830000 39631 39789
 3746 0.000547 39781.070000 39693 39867
 3751 0.000563 39835.470000 39754 39938
 3756 0.000551 39899.140000 39817 39982
 3761 0.000578 39959.760000 39873 40062
 3766 0.000543 40012.900000 39939 40095
 3771 0.000556 40072.350000 39993 40143
 3776 0.000595 40132.120000 40046 40209
 3781 0.000572 40199.350000 40120 40280
 3786 0.000610 40257.620000 40178 40341
 3791 0.000588 40308.400000 40220 40408
 3796 0.000563 40376.890000 40274 40466
 3801 0.000592 40434.040000 40368 40510
 3806 0.000616 40498.600000 40406 40581
 3811 0.000572 40544.840000 40449 40626
 3816 0.000559 40614.750000 40512 40714
 3821 0.000581 40670.570000 40578 40754
 3826 0.000608 40732.150000 40631 40838
 3831 0.000639 40796.970000 40734 40866
 3836 0.000638 40850.970000 40738 40926
 3841 0.000638 40910.490000 40831 40979
 3846 0.000640 40975.710000 40886 41060
 3851 0.000639 41029.900000 40940 41118
 3856 0.000605 41095.290000 41024 41172
 3861 0.000589 41159.810000 41050 41241
 3866 0.000615 41214.520000 41111 41299
 3871 0.000850 41276.760000 41206 41364
 3876 0.001102 41335.790000 41210 41432
 3881 0.000816 41398.790000 41325 41496
 3886 0.000719 41451.660000 41361 41524
 3891 0.000686 41518.430000 41424 41595
 3896 0.000669 41578.020000 41511 41666
 3901 0.000631 41629.890000 41554 41729
 3906 0.000630 41692.890000 41587 41783
 3911 0.000629 41753.370000 41624 41846
 3916 0.000654 41814.920000 41730 41898
 3921 0.000642 41872.740000 41754 41959
 3926 0.000742 41936.700000 41859 42008
 3931 0.000688 42000.640000 41903 42102
 3936 0.000696 42054.730000 41930 42128
 3941 0.000701 42122.620000 42026 42194
 3946 0.000893 42179.780000 42072 42266
 3951 0.000706 42237.050000 42166 42315
 3956 0.000727 42289.100000 42197 42363
 3961 0.000693 42347.480000 42266 42425
 3966 0.000708 42419.110000 42342 42499
 3971 0.000695 42470.760000 42373 42573
 3976 0.000684 42530.670000 42444 42624
 3981 0.000699 42596.950000 42528 42669
 3986 0.000648 42650.940000 42562 42740
 3991 0.000652 42715.840000 42632 42788
 3996 0.000642 42774.410000 42693 42860
 4001 0.000668 42836.410000 42736 42907
 4006 0.000670 42893.630000 42802 42982
 4011 0.000627 42958.870000 42828 43035
 4016 0.000649 43014.560000 42882 43123
 4021 0.000646 43078.890000 42997 43166
 4026 0.000655 43133.450000 43059 43216
 4031 0.000618 43190.540000 43060 43306
 4036 0.000645 43255.690000 43182 43326
 4041 0.000615 43311.120000 43179 43409
 4046 0.000631 43378.770000 43291 43467
 4051 0.000644 43429.140000 43339 43509
 4056 0.000620 43486.090000 43382 43558
 4061 0.000643 43554.510000 43446 43653
 4066 0.000606 43608.720000 43530 43687
 4071 0.000603 43674.770000 43591 43764
 4076 0.000625 43733.600000 43652 43805
 4081 0.000611 43797.260000 43695 43897
 4086 0.000613 43855.510000 43764 43937
 4091 0.000608 43915.770000 43822 43999
 4096 0.000804 43972.350000 43828 44082
 4101 0.000745 44033.240000 43934 44143
 4106 0.000704 44098.910000 44025 44180
 4111 0.000682 44162.450000 44062 44239
 4116 0.000700 44218.050000 44126 44303
 4121 0.000714 44286.980000 44185 44387
 4126 0.000705 44348.770000 44254 44453
 4131 0.000704 44407.500000 44267 44498
 4136 0.000699 44469.190000 44384 44552
 4141 0.000704 44535.960000 44443 44615
 4146 0.000670 44598.560000 44524 44672
 4151 0.000668 44658.360000 44580 44746
 4156 0.000684 44720.550000 44642 44827
 4161 0.000681 44783.640000 44687 44873
 4166 0.000698 44844.220000 44771 44917
 4171 0.000684 44910.040000 44800 45028
 4176 0.000699 44965.930000 44877 45037
 4181 0.000856 45029.530000 44946 45128
 4186 0.000840 45088.350000 45004 45203
 4191 0.000899 45152.590000 45063 45249
 4196 0.000839 45208.360000 45114 45341
 4201 0.000850 45273.520000 45198 45345
 4206 0.000836 45337.800000 45246 45425
 4211 0.000771 45393.530000 45304 45475
 4216 0.000741 45462.820000 45379 45554
 4221 0.000725 45523.580000 45417 45603
 4226 0.000691 45585.230000 45457 45663
 4231 0.000678 45650.230000 45570 45739
 4236 0.000720 45710.200000 45623 45778
 4241 0.000736 45772.950000 45662 45868
 4246 0.000693 45834.870000 45756 45939
 4251 0.000679 45896.540000 45782 45978
 4256 0.000663 45959.800000 45867 46064
 4261 0.000656 46024.740000 45949 46113
 4266 0.000680 46083.860000 46012 46174
 4271 0.000656 46148.760000 46042 46222
 4276 0.000657 46212.580000 46112 46286
 4281 0.000908 46271.930000 46185 46348
 4286 0.000742 46332.660000 46246 46423
 4291 0.000717 46394.100000 46306 46490
 4296 0.000759 46457.970000 46372 46534
 4301 0.000725 46516.110000 46433 46605
 4306 0.000736 46584.710000 46500 46681
 4311 0.000729 46643.690000 46559 46745
 4316 0.000740 46696.030000 46608 46783
 4321 0.000711 46763.550000 46674 46862
 4326 0.000702 46830.610000 46677 46960
 4331 0.000701 46882.100000 46778 46961
 4336 0.000730 46953.470000 46857 47022
 4341 0.000702 47019.390000 46947 47108
 4346 0.000729 47082.680000 46978 47160
 4351 0.000743 47138.270000 47059 47222
 4356 0.000710 47199.310000 47092 47337
 4361 0.000710 47261.870000 47173 47369
 4366 0.000702 47328.460000 47220 47434
 4371 0.000694 47390.300000 47311 47502
 4376 0.000698 47450.390000 47352 47543
 4381 0.000724 47516.130000 47426 47600
 4386 0.000693 47570.050000 47471 47643
 4391 0.000707 47627.550000 47528 47747
 4396 0.000690 47695.230000 47584 47779
 4401 0.001014 47752.180000 47644 47837
 4406 0.000794 47823.840000 47727 47924
 4411 0.000806 47879.580000 47770 47976
 4416 0.000759 47944.160000 47842 48039
 4421 0.000742 48012.240000 47897 48088
 4426 0.000730 48067.790000 47977 48164
 4431 0.000744 48127.610000 48042 48218
 4436 0.000757 48193.490000 48087 48304
 4441 0.000735 48262.190000 48151 48386
 4446 0.000790 48324.160000 48219 48443
 4451 0.000963 48385.350000 48304 48477
 4456 0.000817 48441.610000 48303 48540
 4461 0.000816 48511.530000 48368 48618
 4466 0.000769 48579.820000 48486 48677
 4471 0.000748 48628.050000 48539 48732
 4476 0.000775 48693.220000 48600 48774
 4481 0.000725 48749.480000 48659 48851
 4486 0.000736 48819.230000 48726 48921
 4491 0.000704 48881.470000 48774 48971
 4496 0.000742 48941.790000 48806 49053
 4501 0.000714 48999.320000 48911 49091
 4506 0.000718 49070.430000 48951 49157
 4511 0.000722 49120.210000 49034 49261
 4516 0.000715 49185.800000 49104 49263
 4521 0.000698 49248.460000 49114 49347
 4526 0.000687 49318.220000 49219 49423
 4531 0.000740 49377.950000 49293 49491
 4536 0.000793 49439.400000 49351 49551
 4541 0.000784 49502.280000 49389 49590
 4546 0.000802 49574.990000 49453 49689
 4551 0.000768 49614.750000 49503 49707
 4556 0.000812 49681.220000 49590 49801
 4561 0.000766 49751.870000 49645 49862
 4566 0.000775 49811.770000 49730 49902
 4571 0.000741 49868.910000 49770 49969
 4576 0.000744 49936.650000 49842 50020
 4581 0.000758 49991.400000 49871 50096
 4586 0.000760 50054.590000 49959 50150
 4591 0.000744 50123.240000 50002 50215
 4596 0.000736 50178.150000 50083 50273
 4601 0.000741 50243.940000 50153 50345
 4606 0.000724 50306.380000 50216 50398
 4611 0.000729 50370.810000 50249 50456
 4616 0.000721 50427.820000 50338 50513
 4621 0.000731 50493.980000 50402 50598
 4626 0.000720 50558.810000 50439 50677
 4631 0.000740 50620.740000 50518 50734
 4636 0.000719 50675.590000 50574 50752
 4641 0.000847 50749.710000 50656 50858
 4646 0.000920 50805.050000 50704 50907
 4651 0.000983 50873.200000 50759 50969
 4656 0.000999 50931.690000 50830 51067
 4661 0.002243 50994.200000 50895 51076
 4666 0.001643 51051.720000 50934 51148
 4671 0.001349 51125.270000 51021 51222
 4676 0.001793 51179.690000 51084 51273
 4681 0.001233 51241.540000 51132 51320
 4686 0.001016 51295.420000 51169 51376
 4691 0.001491 51368.670000 51255 51460
 4696 0.001219 51419.870000 51326 51533
 4701 0.001197 51497.290000 51400 51582
 4706 0.001024 51560.300000 51481 51693
 4711 0.000928 51616.320000 51527 51727
 4716 0.000873 51683.280000 51588 51768
 4721 0.000893 51741.120000 51614 51858
 4726 0.000946 51803.180000 51708 51919
 4731 0.000917 51861.020000 51756 51945
 4736 0.000853 51933.850000 51796 52011
 4741 0.000828 51984.100000 51868 52086
 4746 0.000788 52049.470000 51947 52142
 4751 0.000830 52111.270000 52013 52225
 4756 0.000820 52179.640000 52085 52244
 4761 0.000803 52243.760000 52144 52362
 4766 0.000770 52307.040000 52214 52392
 4771 0.000769 52367.030000 52275 52475
 4776 0.000781 52433.540000 52328 52526
 4781 0.000936 52487.620000 52361 52589
 4786 0.000844 52548.440000 52471 52641
 4791 0.000879 52615.640000 52483 52706
 4796 0.000864 52679.800000 52577 52771
 4801 0.000823 52747.370000 52650 52833
 4806 0.000819 52795.660000 52676 52886
 4811 0.000820 52861.320000 52770 52972
 4816 0.000833 52930.130000 52822 53025
 4821 0.000824 52992.290000 52848 53085
 4826 0.000851 53051.560000 52956 53141
 4831 0.000818 53113.950000 53005 53204
 4836 0.000895 53178.420000 53101 53283
 4841 0.000864 53242.860000 53150 53354
 4846 0.000916 53303.620000 53167 53392
 4851 0.000997 53365.630000 53274 53458
 4856 0.000979 53416.170000 53344 53504
 4861 0.000987 53495.690000 53405 53596
 4866 0.001019 53553.580000 53457 53676
 4871 0.000969 53615.160000 53527 53718
 4876 0.000974 53678.180000 53581 53754
 4881 0.001031 53728.690000 53625 53858
 4886 0.000941 53800.900000 53692 53889
 4891 0.000955 53864.230000 53730 53988
 4896 0.000955 53928.760000 53828 54032
 4901 0.000934 53994.420000 53851 54110
 4906 0.000966 54050.180000 53956 54137
 4911 0.000895 54115.320000 54012 54192
 4916 0.000898 54170.570000 54078 54263
 4921 0.000995 54234.200000 54116 54342
 4926 0.001050 54303.980000 54214 54392
 4931 0.000974 54364.510000 54271 54477
 4936 0.000943 54424.190000 54330 54526
 4941 0.000898 54479.410000 54393 54600
 4946 0.000874 54549.530000 54440 54667
 4951 0.000834 54621.280000 54508 54730
 4956 0.000848 54677.890000 54592 54789
 4961 0.000828 54743.590000 54628 54853
 4966 0.000853 54794.260000 54706 54884
 4971 0.000868 54866.920000 54776 54973
 4976 0.000832 54922.520000 54800 54996
 4981 0.000897 54990.280000 54889 55082
 4986 0.000846 55062.680000 54962 55165
 4991 0.000856 55119.060000 55016 55214
 4996 0.000841 55177.420000 55093 55289
