 1 0.000000 0.000000 0 0
 6 0.000000 13.310000 11 18
 11 0.000000 35.730000 28 48
 16 0.000001 60.260000 49 90
 21 0.000001 88.900000 75 124
 26 0.000001 120.220000 98 152
 31 0.000002 155.690000 129 223
 36 0.000002 190.210000 154 284
 41 0.000002 224.560000 190 277
 46 0.000003 263.510000 216 336
 51 0.000003 300.660000 249 395
 56 0.000003 338.860000 281 425
 61 0.000004 371.780000 313 515
 66 0.000004 415.250000 356 489
 71 0.000004 454.500000 383 571
 76 0.000004 504.930000 424 670
 81 0.000005 543.510000 470 755
 86 0.000005 589.670000 505 712
 91 0.000006 637.380000 555 789
 96 0.000006 675.160000 584 903
 101 0.000008 723.220000 623 907
 106 0.000008 772.880000 678 929
 111 0.000008 809.710000 711 1250
 116 0.000008 870.770000 757 1135
 121 0.000008 905.560000 778 1163
 126 0.000008 966.950000 829 1390
 131 0.000008 1005.660000 849 1280
 136 0.000009 1041.120000 896 1259
 141 0.000009 1111.890000 918 1426
 146 0.000010 1152.580000 1001 1445
 151 0.000010 1198.090000 1033 1526
 156 0.000010 1252.830000 1080 1491
 161 0.000011 1296.450000 1123 1607
 166 0.000011 1353.740000 1204 1626
 171 0.000011 1392.560000 1200 1759
 176 0.000013 1453.080000 1268 1813
 181 0.000013 1496.500000 1301 1944
 186 0.000015 1542.710000 1343 1896
 191 0.000018 1609.100000 1416 1927
 196 0.000013 1670.390000 1452 2126
 201 0.000014 1698.750000 1522 2161
 206 0.000014 1736.380000 1494 2186
 211 0.000014 1800.260000 1618 2152
 216 0.000015 1872.960000 1643 2257
 221 0.000017 1907.260000 1684 2462
 226 0.000016 1962.580000 1738 2566
 231 0.000017 2002.670000 1772 2540
 236 0.000017 2101.370000 1809 3464
 241 0.000017 2141.200000 1846 2576
 246 0.000018 2200.060000 1924 2626
 251 0.000018 2231.860000 1984 2693
 256 0.000024 2289.990000 2033 2754
 261 0.000030 2360.210000 2059 2898
 266 0.000020 2402.600000 2144 3078
 271 0.000019 2451.200000 2213 3121
 276 0.000020 2515.040000 2161 3082
 281 0.000020 2597.910000 2287 3074
 286 0.000021 2597.320000 2326 3113
 291 0.000031 2677.670000 2361 3293
 296 0.000023 2757.750000 2363 3363
 301 0.000022 2841.770000 2418 3692
 306 0.000023 2866.510000 2446 3739
 311 0.000024 2930.570000 2495 3474
 316 0.000029 2949.580000 2573 3455
 321 0.000025 3008.750000 2723 3483
 326 0.000026 3042.470000 2725 3595
 331 0.000025 3192.930000 2808 3789
 336 0.000025 3207.540000 2817 4219
 341 0.000026 3271.900000 2868 3900
 346 0.000029 3313.270000 2909 3974
 351 0.000027 3330.490000 2996 4090
 356 0.000027 3372.570000 2946 4266
 361 0.000034 3479.910000 3101 4443
 366 0.000029 3555.080000 3146 4134
 371 0.000029 3549.150000 3164 4133
 376 0.000029 3675.950000 3328 4429
 381 0.000029 3719.270000 3339 4506
 386 0.000030 3842.520000 3436 4782
 391 0.000030 3855.280000 3421 4599
 396 0.000035 3865.930000 3475 4881
 401 0.000031 3964.860000 3444 5102
 406 0.000032 3998.270000 3540 5008
 411 0.000032 4064.390000 3645 4733
 416 0.000033 4114.850000 3672 4981
 421 0.000033 4175.770000 3641 4838
 426 0.000033 4221.430000 3798 4935
 431 0.000034 4362.350000 3838 5406
 436 0.000034 4372.220000 3969 5057
 441 0.000036 4407.600000 3982 5100
 446 0.000037 4464.690000 3940 5246
 451 0.000035 4460.750000 4036 5448
 456 0.000037 4558.840000 4111 5497
 461 0.000038 4606.870000 4084 5503
 466 0.000037 4762.160000 4201 5792
 471 0.000037 4787.460000 4244 5677
 476 0.000039 4785.840000 4233 5928
 481 0.000040 4919.770000 4349 6091
 486 0.000039 4930.930000 4426 5909
 491 0.000039 5044.270000 4506 5897
 496 0.000042 5087.100000 4587 6628
 501 0.000040 5179.990000 4524 6047
 506 0.000041 5232.920000 4642 6040
 511 0.000042 5310.620000 4723 6501
 516 0.000042 5368.020000 4817 6938
 521 0.000042 5442.700000 4845 6674
 526 0.000046 5511.670000 4921 6454
 531 0.000042 5528.650000 5042 6934
 536 0.000043 5600.020000 4963 6677
 541 0.000049 5629.090000 4874 6766
 546 0.000044 5654.590000 5043 6719
 551 0.000044 5731.940000 5168 6645
 556 0.000047 5834.100000 5250 7076
 561 0.000046 5873.750000 5164 6887
 566 0.000046 5923.370000 5339 6882
 571 0.000046 6052.180000 5475 7154
 576 0.000048 6018.030000 5350 6859
 581 0.000048 6179.690000 5487 7553
 586 0.000048 6205.160000 5417 7272
 591 0.000049 6225.790000 5554 7322
 596 0.000049 6312.610000 5719 7665
 601 0.000050 6417.500000 5535 7936
 606 0.000050 6415.190000 5613 7927
 611 0.000051 6522.540000 5841 7695
 616 0.000051 6577.650000 5931 7520
 621 0.000051 6669.510000 5886 9128
 626 0.000055 6756.400000 6041 7916
 631 0.000053 6749.830000 6148 8127
 636 0.000069 6825.890000 5991 8114
 641 0.000055 6879.540000 6189 8009
 646 0.000053 6995.660000 6279 8543
 651 0.000060 7009.930000 6253 8353
 656 0.000056 7038.520000 6313 8484
 661 0.000055 7113.090000 6311 8214
 666 0.000058 7230.660000 6370 8969
 671 0.000058 7320.610000 6472 8761
 676 0.000056 7406.660000 6624 8969
 681 0.000058 7413.810000 6457 9119
 686 0.000058 7498.650000 6675 8826
 691 0.000058 7615.840000 6694 8788
 696 0.000058 7639.130000 6717 9292
 701 0.000059 7696.980000 6912 9230
 706 0.000061 7714.120000 6981 8948
 711 0.000063 7804.370000 6934 9129
 716 0.000062 7857.200000 7172 8972
 721 0.000060 7928.350000 7138 9015
 726 0.000063 7989.770000 7216 9534
 731 0.000062 8084.090000 7045 9629
 736 0.000062 8213.020000 7460 9887
 741 0.000065 8150.160000 7413 9256
 746 0.000064 8257.890000 7495 9512
 751 0.000064 8331.390000 7355 10220
 756 0.000072 8383.630000 7560 9793
 761 0.000069 8449.900000 7616 9965
 766 0.000245 8553.960000 7803 10749
 771 0.000080 8546.250000 7638 10626
 776 0.000073 8556.620000 7812 9814
 781 0.000074 8685.700000 7680 10227
 786 0.000068 8849.590000 7917 10363
 791 0.000077 8890.120000 7958 10999
 796 0.000067 8888.770000 8148 10297
 801 0.000072 9076.440000 8095 10912
 806 0.000070 9102.810000 8273 10416
 811 0.000076 9106.370000 8248 11117
 816 0.000072 9274.460000 8411 10689
 821 0.000070 9144.000000 8173 10482
 826 0.000072 9360.300000 8371 10976
 831 0.000072 9393.020000 8436 11303
 836 0.000084 9491.960000 8440 11579
 841 0.000073 9504.300000 8377 11377
 846 0.000074 9524.330000 8448 11237
 851 0.000075 9622.430000 8725 10966
 856 0.000074 9765.040000 8788 11006
 861 0.000077 9788.170000 8795 11028
 866 0.000079 9858.520000 8959 13596
 871 0.000075 9904.270000 9047 11548
 876 0.000081 9915.770000 9019 11703
 881 0.000077 9983.140000 9040 11512
 886 0.000077 10081.510000 9014 11867
 891 0.000080 10168.150000 9264 11818
 896 0.000078 10294.510000 9402 12877
 901 0.000080 10256.470000 9364 12254
 906 0.000079 10433.940000 9515 12449
 911 0.000082 10492.370000 9174 12729
 916 0.000080 10549.180000 9661 12388
 921 0.000081 10625.130000 9519 12139
 926 0.000080 10622.810000 9539 12475
 931 0.000082 10724.280000 9684 12557
 936 0.000083 10706.870000 9842 12080
 941 0.000084 10869.060000 9852 12827
 946 0.000085 10870.240000 9927 13731
 951 0.000084 11019.950000 9872 13043
 956 0.000087 11012.990000 9984 13162
 961 0.000085 11114.710000 10240 12630
 966 0.000085 11236.860000 9865 13478
 971 0.000093 11144.780000 10052 13148
 976 0.000085 11400.910000 10147 14134
 981 0.000089 11412.600000 10343 13142
 986 0.000087 11479.450000 10415 13937
 991 0.000087 11537.800000 10479 13533
 996 0.000092 11636.400000 10397 13832
 1001 0.000088 11736.930000 10620 13439
 1006 0.000090 11688.460000 10529 13425
 1011 0.000092 11820.070000 10548 13704
 1016 0.000091 11864.930000 10774 13303
 1021 0.000107 11970.800000 10794 13975
 1026 0.000091 11915.110000 10952 13738
 1031 0.000093 11981.640000 11038 13236
 1036 0.000093 12164.150000 10887 13937
 1041 0.000094 12132.750000 10951 14172
 1046 0.000095 12273.690000 11202 14004
 1051 0.000095 12371.130000 11361 14362
 1056 0.000096 12427.080000 11022 15114
 1061 0.000103 12393.170000 11295 14408
 1066 0.000097 12522.230000 11519 15046
 1071 0.000101 12729.480000 11491 14932
 1076 0.000118 12769.680000 11596 16255
 1081 0.000097 12744.260000 11439 14740
 1086 0.000099 12948.060000 11394 15184
 1091 0.000098 12908.740000 11449 14993
 1096 0.000102 13001.160000 11672 15064
 1101 0.000099 12999.210000 11571 15890
 1106 0.000102 13178.300000 11814 14831
 1111 0.000102 13269.380000 11615 15467
 1116 0.000100 13307.730000 11635 16142
 1121 0.000102 13276.280000 12070 15500
 1126 0.000102 13437.770000 12126 15802
 1131 0.000105 13358.180000 11931 15831
 1136 0.000104 13578.140000 12238 15976
 1141 0.000103 13588.040000 12228 15606
 1146 0.000104 13678.270000 12512 15667
 1151 0.000104 13710.930000 12260 15281
 1156 0.000111 13767.120000 12644 16010
 1161 0.000108 13999.200000 12544 16321
 1166 0.000110 13971.020000 12475 16367
 1171 0.000106 13976.090000 12693 16144
 1176 0.000111 14153.380000 12568 16875
 1181 0.000107 14154.220000 12612 15866
 1186 0.000107 14167.030000 13055 16408
 1191 0.000111 14340.610000 12940 17024
 1196 0.000117 14404.830000 12848 17388
 1201 0.000111 14390.420000 12881 18128
 1206 0.000110 14364.700000 13094 17209
 1211 0.000110 14667.020000 13392 17088
 1216 0.000119 14606.120000 13374 16777
 1221 0.000112 14592.280000 13211 17298
 1226 0.000111 14862.650000 13524 17600
 1231 0.000112 14958.380000 13538 17442
 1236 0.000115 14980.940000 13395 18094
 1241 0.000164 15077.560000 13320 19637
 1246 0.000114 15115.520000 13507 17652
 1251 0.000116 15050.110000 13704 18563
 1256 0.000122 15158.950000 13766 17702
 1261 0.000117 15227.800000 13734 17342
 1266 0.000115 15337.980000 14074 17814
 1271 0.000138 15425.100000 14104 17804
 1276 0.000117 15589.980000 13774 18382
 1281 0.000122 15596.080000 14221 18126
 1286 0.000130 15464.730000 14080 17177
 1291 0.000123 15644.020000 14455 19511
 1296 0.000128 15769.210000 14515 17907
 1301 0.000132 15782.250000 14390 18483
 1306 0.000148 15915.380000 14263 18507
 1311 0.000146 15958.220000 14199 18052
 1316 0.000137 16134.450000 14749 19003
 1321 0.000137 16204.620000 14391 19474
 1326 0.000135 16232.900000 14690 18935
 1331 0.000134 16315.550000 14903 18512
 1336 0.000132 16258.880000 14673 18629
 1341 0.000136 16367.790000 14826 19637
 1346 0.000150 16598.450000 15095 19712
 1351 0.000132 16406.850000 14753 19073
 1356 0.000128 16698.970000 14922 20510
 1361 0.000136 16766.770000 15058 19861
 1366 0.000132 16667.340000 15292 19829
 1371 0.000138 16777.730000 15470 19674
 1376 0.000142 17001.100000 15293 19618
 1381 0.000146 16934.250000 15182 19650
 1386 0.000145 17135.320000 15399 20851
 1391 0.000141 17089.400000 15377 20406
 1396 0.000150 17105.540000 15639 19678
 1401 0.000155 17200.120000 15723 20926
 1406 0.000146 17178.300000 15914 19726
 1411 0.000147 17603.800000 16046 20225
 1416 0.000147 17593.220000 15737 19704
 1421 0.000143 17511.010000 15986 20368
 1426 0.000148 17598.710000 16118 19983
 1431 0.000151 17685.260000 15940 21367
 1436 0.000148 17757.210000 16265 20765
 1441 0.000144 17802.890000 16048 20839
 1446 0.000145 17935.170000 16295 20305
 1451 0.000150 18028.330000 16563 20910
 1456 0.000142 17993.790000 16424 19931
 1461 0.000138 18218.860000 16671 21920
 1466 0.000137 18281.420000 16624 21943
 1471 0.000145 18253.900000 16998 20472
 1476 0.000144 18388.520000 16760 22391
 1481 0.000140 18386.060000 16695 21622
 1486 0.000139 18620.570000 17093 22669
 1491 0.000141 18564.820000 16970 21513
 1496 0.000146 18535.460000 16712 21724
 1501 0.000145 18636.040000 17135 21033
 1506 0.000151 18712.570000 16959 20560
 1511 0.000151 18742.670000 17226 21111
 1516 0.000155 19022.780000 17400 22348
 1521 0.000148 18914.730000 16750 21459
 1526 0.000144 19046.960000 17129 21863
 1531 0.000151 19011.230000 17140 22493
 1536 0.000148 19130.790000 17263 23618
 1541 0.000149 19522.710000 17490 23540
 1546 0.000151 19260.200000 17833 22302
 1551 0.000191 19516.150000 17763 23000
 1556 0.000161 19417.910000 17619 22080
 1561 0.000280 19550.040000 17437 22137
 1566 0.000149 19612.350000 17915 24167
 1571 0.000163 19766.640000 18103 23131
 1576 0.000160 20006.550000 17836 24153
 1581 0.000159 19759.750000 18364 22681
 1586 0.000165 20077.080000 17938 22774
 1591 0.000162 19918.720000 18064 21948
 1596 0.000168 20020.870000 18135 23153
 1601 0.000170 20099.830000 18485 24531
 1606 0.000162 20317.730000 18404 23887
 1611 0.000164 20283.760000 18446 22919
 1616 0.000167 20191.340000 18178 23238
 1621 0.000164 20181.490000 18598 22165
 1626 0.000164 20599.720000 18865 24214
 1631 0.000168 20552.530000 19070 24586
 1636 0.000177 20905.980000 18948 25722
 1641 0.000171 20680.790000 18983 24089
 1646 0.000177 20849.730000 19116 25010
 1651 0.000171 20941.850000 18855 23639
 1656 0.000176 21063.640000 19070 25329
 1661 0.000173 20962.160000 19249 23001
 1666 0.000173 21057.780000 19117 27608
 1671 0.000172 21054.590000 19282 24908
 1676 0.000168 21285.610000 19442 25405
 1681 0.000167 21169.090000 18894 24498
 1686 0.000166 21507.890000 19153 24190
 1691 0.000167 21420.360000 19706 24647
 1696 0.000170 21629.860000 19697 25377
 1701 0.000168 21711.170000 19685 26040
 1706 0.000170 21741.430000 19884 26153
 1711 0.000169 21978.230000 19948 26491
 1716 0.000168 21902.540000 20093 26353
 1721 0.000184 22166.730000 20303 25787
 1726 0.000173 21992.060000 19896 24673
 1731 0.000174 22067.050000 20177 24602
 1736 0.000178 22161.260000 20414 26010
 1741 0.000179 22235.560000 20491 25305
 1746 0.000249 22164.670000 20137 25816
 1751 0.000241 22235.470000 20475 27159
 1756 0.000324 22509.070000 20681 27023
 1761 0.000186 22586.200000 20196 25593
 1766 0.000199 22764.180000 20901 26705
 1771 0.000194 22796.900000 20449 27421
 1776 0.000174 22615.580000 20508 25943
 1781 0.000171 22733.580000 20864 25733
 1786 0.000173 22714.220000 20903 27303
 1791 0.000179 22927.580000 20754 27393
 1796 0.000213 23045.700000 20965 27877
 1801 0.000173 23080.830000 20903 27494
 1806 0.000178 23293.510000 21011 27288
 1811 0.000179 23160.770000 21115 26418
 1816 0.000175 23392.030000 21139 27143
 1821 0.000175 23571.180000 21413 27799
 1826 0.000175 23435.130000 20956 28633
 1831 0.000180 23493.540000 20848 27663
 1836 0.000188 23604.830000 21832 28153
 1841 0.000204 23525.870000 21589 27069
 1846 0.000193 23801.040000 21686 27261
 1851 0.000183 23847.900000 21499 26992
 1856 0.000187 23926.510000 22176 27446
 1861 0.000182 24090.530000 21579 27364
 1866 0.000184 23950.350000 21585 27207
 1871 0.000197 24175.030000 22158 29214
 1876 0.000183 24085.650000 22254 28113
 1881 0.000195 24174.940000 22065 26925
 1886 0.000466 24347.470000 22344 29787
 1891 0.000349 24462.720000 22224 31177
 1896 0.000212 24651.550000 22290 27980
 1901 0.000207 24375.650000 22513 28572
 1906 0.000205 24683.630000 22301 30002
 1911 0.000200 24552.790000 22758 28243
 1916 0.000205 24828.530000 22795 29037
 1921 0.000204 24766.040000 22889 27317
 1926 0.000204 25016.990000 22908 28909
 1931 0.000198 25013.930000 22812 29250
 1936 0.000194 25169.500000 22898 29805
 1941 0.000192 24909.950000 22969 30189
 1946 0.000194 25108.530000 23235 28171
 1951 0.000194 25538.130000 23304 29286
 1956 0.000195 25496.470000 23149 29637
 1961 0.000192 25182.480000 23486 29161
 1966 0.000211 25603.790000 23316 30558
 1971 0.000201 25702.330000 23140 30117
 1976 0.000200 26002.450000 23822 28916
 1981 0.000206 25641.570000 23330 30119
 1986 0.000209 25810.690000 23635 28662
 1991 0.000210 25970.410000 23756 29683
 1996 0.000210 26036.520000 23686 30359
 2001 0.000221 26082.570000 23697 32605
 2006 0.000209 26079.020000 23971 28973
 2011 0.000227 26248.980000 24029 31343
 2016 0.000239 26513.680000 24013 29862
 2021 0.000222 26279.010000 23824 29320
 2026 0.000212 26506.990000 23989 31000
 2031 0.000227 26611.890000 24574 29912
 2036 0.000216 26765.480000 24746 31964
 2041 0.000221 26533.150000 24003 30009
 2046 0.000223 26489.460000 24559 30723
 2051 0.000217 26940.750000 24585 31286
 2056 0.000217 26715.260000 24530 30518
 2061 0.000205 27330.110000 24716 31000
 2066 0.000209 26871.880000 24467 32014
 2071 0.000221 27100.240000 24676 32075
 2076 0.000221 27135.270000 24478 31608
 2081 0.000221 27334.120000 24901 31307
 2086 0.000214 27029.080000 24828 32836
 2091 0.000215 27353.910000 25061 31117
 2096 0.000225 27597.130000 24888 31537
 2101 0.000225 27687.330000 25191 36099
 2106 0.000212 27607.590000 25500 32285
 2111 0.000231 27860.930000 24961 31559
 2116 0.000221 27573.060000 25419 31264
 2121 0.000244 27684.110000 25839 31795
 2126 0.000236 27885.030000 25302 32831
 2131 0.000238 28079.230000 25296 34534
 2136 0.000218 28078.860000 25675 31438
 2141 0.000218 28268.530000 25677 31650
 2146 0.000218 28232.470000 25868 31681
 2151 0.000217 28236.060000 25629 31506
 2156 0.000215 28370.720000 26092 32793
 2161 0.000218 28473.160000 25908 32084
 2166 0.000222 28486.390000 26096 32295
 2171 0.000220 28632.370000 25851 33725
 2176 0.000220 28929.010000 25731 35597
 2181 0.000220 28876.710000 26122 35903
 2186 0.000237 28724.190000 26209 32988
 2191 0.000218 28879.910000 26412 32375
 2196 0.000228 29159.110000 26447 33212
 2201 0.000223 29130.100000 25987 34793
 2206 0.000231 29227.450000 26357 34172
 2211 0.000224 29340.430000 26552 34075
 2216 0.000233 29538.400000 26957 34508
 2221 0.000245 29676.900000 26902 37175
 2226 0.000229 29598.920000 27115 35235
 2231 0.000238 29450.480000 26651 33400
 2236 0.000246 29756.120000 27579 32866
 2241 0.000498 29951.980000 27401 35332
 2246 0.000244 30115.620000 26950 37029
 2251 0.000236 30035.840000 27197 33767
 2256 0.000228 29883.100000 27230 34207
 2261 0.000234 30045.660000 27849 33255
 2266 0.000238 30214.690000 27519 34158
 2271 0.000234 30321.760000 27522 35841
 2276 0.000239 30122.760000 27634 34789
 2281 0.000236 30253.280000 28027 33662
 2286 0.000256 30258.190000 27407 34797
 2291 0.000247 30338.160000 27842 35748
 2296 0.000242 30312.710000 27659 36282
 2301 0.000237 31005.600000 28388 35991
 2306 0.000246 30780.350000 27771 36106
 2311 0.000237 30743.750000 28196 35380
 2316 0.000237 31186.380000 28639 35683
 2321 0.000239 31037.770000 28310 40490
 2326 0.000238 31219.540000 27981 38057
 2331 0.000243 31107.200000 28754 35696
 2336 0.000253 31077.190000 27900 35152
 2341 0.000243 31232.400000 28332 35025
 2346 0.000242 31416.470000 28394 34877
 2351 0.000240 31442.820000 28600 35779
 2356 0.000241 31702.460000 28256 37211
 2361 0.000242 31458.390000 28564 34877
 2366 0.000244 31637.480000 29486 38391
 2371 0.000249 31683.120000 29374 36238
 2376 0.000247 31771.690000 29411 36102
 2381 0.000248 31887.560000 29489 35595
 2386 0.000267 31826.150000 29025 36130
 2391 0.000282 32132.710000 29212 37053
 2396 0.000304 32297.020000 29136 36891
 2401 0.000269 32296.960000 29046 37634
 2406 0.000256 32291.820000 29362 37697
 2411 0.000271 32299.790000 28932 36277
 2416 0.000266 32522.790000 30028 37984
 2421 0.000265 32525.110000 29274 38658
 2426 0.000261 32617.040000 29830 37877
 2431 0.000250 32534.420000 29706 36766
 2436 0.000247 32650.100000 29839 38543
 2441 0.000259 32797.120000 29768 37769
 2446 0.000263 32733.850000 29424 39420
 2451 0.000273 32746.290000 29496 37327
 2456 0.000265 33003.430000 30724 39021
 2461 0.000408 33154.740000 30717 36938
 2466 0.000273 32870.100000 29660 38772
 2471 0.000279 33109.600000 30317 38534
 2476 0.000272 33200.570000 29789 38308
 2481 0.000266 33229.640000 30594 38954
 2486 0.000253 33438.450000 30553 38967
 2491 0.000258 33613.440000 30286 39376
 2496 0.000266 33655.260000 31044 40408
 2501 0.000259 33740.490000 30848 38296
 2506 0.000256 33767.320000 30876 39847
 2511 0.000257 33646.000000 30889 38095
 2516 0.000267 33757.860000 31036 37376
 2521 0.000278 34154.050000 31399 38624
 2526 0.000268 34072.920000 31131 41156
 2531 0.000276 33858.630000 31119 38480
 2536 0.000282 34227.330000 31011 40322
 2541 0.000269 34265.790000 31214 41610
 2546 0.000420 34191.990000 31564 42747
 2551 0.000271 34547.890000 31634 39938
 2556 0.000289 34167.020000 31636 38619
 2561 0.000276 34645.020000 31755 39758
 2566 0.000267 34413.260000 31093 40144
 2571 0.000288 34904.490000 32099 42441
 2576 0.000273 34916.080000 31867 39430
 2581 0.000274 35002.860000 31646 40382
 2586 0.000282 35026.300000 32131 40687
 2591 0.000276 35075.440000 31777 38299
 2596 0.000412 35249.970000 31689 47749
 2601 0.000283 35200.540000 32441 40144
 2606 0.000285 35328.100000 32754 38711
 2611 0.000294 35292.670000 32756 41102
 2616 0.000279 35659.260000 31846 40966
 2621 0.000273 35435.680000 32612 39752
 2626 0.000271 35261.490000 32527 38425
 2631 0.000272 35854.270000 32872 44413
 2636 0.000281 35763.130000 33007 42478
 2641 0.000287 35867.580000 32628 41567
 2646 0.000288 35771.070000 32863 41798
 2651 0.000286 35974.660000 32721 45775
 2656 0.000297 36013.570000 33079 40570
 2661 0.000301 36229.720000 33104 41792
 2666 0.000297 35992.310000 33145 39985
 2671 0.000296 36377.300000 33333 42243
 2676 0.000278 36396.450000 33506 43750
 2681 0.000282 36670.890000 33511 41388
 2686 0.000280 36637.180000 33706 41269
 2691 0.000283 36954.770000 33443 44253
 2696 0.000281 36857.300000 34059 43500
 2701 0.000311 36687.190000 33275 42748
 2706 0.000298 37065.680000 34313 40748
 2711 0.000754 36831.420000 33509 43012
 2716 0.000316 37041.920000 34058 42027
 2721 0.000298 37405.660000 34394 43363
 2726 0.000297 37285.490000 34528 42480
 2731 0.000292 37456.390000 34074 46714
 2736 0.000292 37374.960000 34246 43186
 2741 0.000295 37184.830000 34073 43093
 2746 0.000288 37380.900000 33971 43654
 2751 0.000288 37567.850000 34558 45715
 2756 0.000290 37332.740000 34397 42852
 2761 0.000286 37939.500000 34433 45361
 2766 0.000289 37694.530000 34344 45209
 2771 0.000292 37797.680000 34933 41658
 2776 0.000290 38042.110000 34057 42370
 2781 0.000311 38376.690000 34472 45642
 2786 0.000294 38334.940000 34939 44389
 2791 0.000296 38076.200000 35473 44344
 2796 0.000287 38231.340000 34917 43627
 2801 0.000289 38318.440000 35204 43038
 2806 0.000300 38516.530000 35187 44035
 2811 0.000301 38429.770000 34855 44426
 2816 0.000295 38848.040000 35506 45433
 2821 0.000292 38728.060000 35395 44257
 2826 0.000297 38765.640000 35568 43950
 2831 0.000296 38734.000000 35155 44706
 2836 0.000309 38720.940000 35957 46262
 2841 0.000331 38814.580000 35842 43933
 2846 0.000347 38943.190000 35690 47178
 2851 0.000316 39127.030000 35784 44471
 2856 0.000321 39119.450000 35972 44463
 2861 0.000328 39347.220000 35955 44499
 2866 0.000302 38846.620000 35152 44570
 2871 0.000301 39655.130000 36321 47285
 2876 0.000309 39535.900000 36114 45103
 2881 0.000303 39831.140000 36238 46558
 2886 0.000316 39580.240000 36468 46897
 2891 0.000302 39717.710000 36798 46685
 2896 0.000331 39962.660000 36762 46158
 2901 0.000326 40425.480000 37110 47043
 2906 0.000324 39779.790000 36953 47216
 2911 0.000324 39962.860000 36554 45359
 2916 0.000307 40048.290000 36939 48786
 2921 0.000305 40246.380000 36488 45139
 2926 0.000313 40414.250000 36498 47772
 2931 0.000337 40627.510000 37237 47896
 2936 0.000334 40506.290000 36946 45844
 2941 0.000327 40662.270000 36247 46154
 2946 0.000330 40733.330000 37267 52255
 2951 0.000332 40817.550000 36953 51669
 2956 0.000312 40821.030000 37152 47476
 2961 0.000312 40730.810000 36847 47190
 2966 0.000319 40955.940000 37508 49190
 2971 0.000323 41343.080000 37430 48836
 2976 0.000331 41311.450000 37780 48051
 2981 0.000373 41386.110000 37071 47627
 2986 0.000336 41438.810000 38044 45926
 2991 0.000480 41413.340000 38330 48290
 2996 0.000476 41215.030000 37510 46620
 3001 0.000327 41122.770000 37981 46860
 3006 0.000318 41792.040000 37582 46761
 3011 0.000327 41555.840000 38235 51623
 3016 0.000319 41750.910000 38354 50853
 3021 0.000471 41963.470000 38769 46295
 3026 0.000339 41669.170000 38693 48971
 3031 0.000350 41934.040000 38072 50577
 3036 0.000338 42267.780000 38558 49469
 3041 0.000333 42239.610000 38156 46818
 3046 0.000338 41994.670000 38783 48534
 3051 0.000320 42583.150000 39558 48180
 3056 0.000326 42718.990000 39144 46508
 3061 0.000334 42566.730000 39119 50380
 3066 0.000339 42433.080000 38660 49014
 3071 0.000349 42871.130000 39546 51059
 3076 0.000347 42596.910000 39154 48272
 3081 0.000349 42974.700000 39584 48132
 3086 0.000344 42626.950000 39796 50117
 3091 0.000335 42957.490000 39404 50697
 3096 0.000323 42829.020000 39516 48534
 3101 0.000336 43485.550000 39969 50184
 3106 0.000354 43423.160000 38826 53628
 3111 0.000335 43449.990000 40090 52464
 3116 0.000330 43298.850000 39533 50422
 3121 0.000342 43469.060000 39759 48942
 3126 0.000358 43692.870000 40565 49552
 3131 0.000367 43628.410000 39572 50973
 3136 0.000354 43085.350000 39895 48215
 3141 0.000355 43640.010000 40397 49527
 3146 0.000338 43468.370000 40084 51146
 3151 0.000334 43775.610000 40004 50059
 3156 0.000334 44176.710000 40838 51341
 3161 0.000344 44189.850000 40244 51917
 3166 0.000338 44567.190000 40633 50863
 3171 0.000345 44104.250000 39658 48963
 3176 0.000471 43985.880000 41051 52747
 3181 0.000362 44166.150000 40294 50050
 3186 0.000368 44607.630000 41196 52228
 3191 0.000357 44583.600000 41009 50787
 3196 0.000359 44448.240000 41013 50918
 3201 0.000362 45077.330000 41532 50312
 3206 0.000360 44644.180000 40800 52346
 3211 0.000353 45028.860000 41150 51008
 3216 0.000361 44862.560000 40769 49692
 3221 0.000353 45087.670000 40873 54285
 3226 0.000368 45052.520000 41552 53398
 3231 0.000375 45097.800000 40730 49589
 3236 0.000359 45285.300000 41611 50945
 3241 0.000357 45305.920000 41096 52801
 3246 0.000354 45775.000000 42056 52824
 3251 0.000389 45510.320000 41779 53070
 3256 0.000353 45714.510000 41602 51931
 3261 0.000362 45608.710000 42166 52741
 3266 0.000350 46005.610000 41879 52703
 3271 0.000360 46130.700000 41774 56068
 3276 0.000364 46058.920000 42091 51816
 3281 0.000361 45876.260000 42285 51811
 3286 0.000378 46664.810000 41835 55371
 3291 0.000367 46173.230000 41810 53158
 3296 0.000356 46077.400000 42963 53472
 3301 0.000357 46191.880000 42677 53005
 3306 0.000370 46693.980000 42842 56891
 3311 0.000378 46664.310000 43121 54534
 3316 0.000376 46733.660000 42027 53406
 3321 0.000377 46907.170000 43300 52516
 3326 0.000354 46638.470000 42942 51796
 3331 0.000357 47068.850000 42954 54875
 3336 0.000360 47012.880000 43111 52286
 3341 0.000364 46963.050000 43040 53530
 3346 0.000377 47176.140000 43272 53344
 3351 0.000533 47386.070000 43023 54526
 3356 0.000371 46911.130000 42195 52702
 3361 0.000385 46840.280000 43560 52729
 3366 0.000369 47271.010000 43146 55836
 3371 0.000363 47578.480000 43757 57507
 3376 0.000384 47572.850000 44271 53521
 3381 0.000385 47776.110000 43174 54554
 3386 0.000396 48092.520000 44145 57591
 3391 0.000377 47949.000000 43971 56310
 3396 0.000379 47894.820000 43989 55248
 3401 0.000373 47578.590000 43841 54603
 3406 0.000371 47715.310000 44701 52978
 3411 0.000395 48057.700000 43586 55989
 3416 0.000398 48046.280000 44689 55360
 3421 0.000375 48159.580000 44202 54422
 3426 0.000383 48075.040000 43829 53026
 3431 0.000373 48478.160000 44766 57977
 3436 0.000384 48253.840000 44177 56037
 3441 0.000374 48343.660000 45109 53602
 3446 0.000374 48510.150000 44948 54796
 3451 0.000382 49062.910000 45174 55443
 3456 0.000367 48783.890000 44732 55190
 3461 0.000372 48887.250000 44704 55234
 3466 0.000401 48705.310000 44516 56764
 3471 0.000372 48898.470000 43862 55177
 3476 0.000380 49147.910000 44136 57075
 3481 0.000370 49511.430000 45666 56125
 3486 0.000399 49373.000000 45018 58325
 3491 0.000392 49210.960000 44919 55738
 3496 0.000386 49270.540000 44761 56813
 3501 0.000406 49752.950000 45697 55550
 3506 0.000412 49621.160000 45257 55954
 3511 0.000392 49671.370000 45374 56667
 3516 0.000400 49404.180000 45740 56522
 3521 0.000390 49711.020000 45850 56564
 3526 0.000401 50147.550000 46100 56852
 3531 0.000408 49645.680000 46305 56496
 3536 0.000381 49961.300000 46236 57603
 3541 0.000384 49948.680000 46369 57406
 3546 0.000380 50217.260000 45847 57325
 3551 0.000403 50656.080000 46642 56482
 3556 0.000395 50386.730000 45418 57686
 3561 0.000380 50721.040000 46423 58141
 3566 0.000381 50989.780000 47352 61638
 3571 0.000387 50998.090000 46680 60329
 3576 0.000383 50533.080000 47034 56870
 3581 0.000422 51032.660000 47131 57008
 3586 0.000395 50731.520000 47098 56786
 3591 0.000419 50953.010000 47199 58101
 3596 0.000387 51082.850000 45776 58668
 3601 0.000404 51395.660000 46191 63572
 3606 0.000413 50990.230000 46918 56656
 3611 0.000420 51399.020000 45533 59546
 3616 0.000410 51728.030000 47110 62681
 3621 0.000419 51759.040000 46864 61071
 3626 0.000401 51449.340000 47476 57324
 3631 0.000393 51665.610000 47847 60164
 3636 0.000389 51348.750000 47410 60194
 3641 0.000396 51797.480000 47841 61015
 3646 0.000408 51664.600000 47927 57468
 3651 0.000399 52102.140000 48356 61267
 3656 0.000409 52375.630000 47671 60049
 3661 0.000418 52221.490000 47881 60560
 3666 0.000408 52684.130000 48435 60145
 3671 0.000434 52541.910000 47694 60993
 3676 0.000395 52332.720000 47031 65352
 3681 0.000392 52390.470000 48396 59596
 3686 0.000391 52642.380000 47495 57973
 3691 0.000403 52960.770000 48523 63091
 3696 0.000405 53170.310000 48652 59787
 3701 0.000404 52882.590000 48404 65978
 3706 0.000389 53090.140000 48701 57848
 3711 0.000419 52697.410000 49540 58538
 3716 0.000416 53283.600000 49093 60054
 3721 0.000405 53455.520000 49186 62528
 3726 0.000428 53414.150000 49172 63637
 3731 0.000406 53636.540000 48907 66266
 3736 0.000423 53552.440000 48941 61168
 3741 0.000399 53784.720000 49120 65744
 3746 0.000399 53409.420000 49368 60553
 3751 0.000408 53495.580000 49618 65650
 3756 0.000394 53367.940000 49630 61123
 3761 0.000397 54052.940000 49347 62467
 3766 0.000415 53443.850000 49340 60012
 3771 0.000578 53813.290000 49577 61406
 3776 0.000439 53943.970000 49706 63451
 3781 0.000412 54016.050000 49767 62161
 3786 0.000411 54439.800000 50414 62795
 3791 0.000406 54323.990000 49934 62180
 3796 0.000439 54402.670000 49280 64194
 3801 0.000430 54338.010000 49321 61243
 3806 0.000425 54652.760000 50095 63049
 3811 0.000421 54502.220000 50483 63719
 3816 0.000417 54829.790000 49377 64007
 3821 0.000409 54205.430000 50025 62360
 3826 0.000419 54678.770000 50049 61555
 3831 0.000419 55067.420000 50638 61812
 3836 0.000594 54901.340000 50878 61300
 3841 0.000450 54381.910000 50651 63247
 3846 0.000477 55073.430000 51068 61995
 3851 0.000434 55556.860000 50454 66547
 3856 0.000433 55505.250000 51176 66440
 3861 0.000420 55216.750000 51235 65899
 3866 0.000426 55520.040000 51367 62538
 3871 0.000436 55559.820000 50406 64634
 3876 0.000420 55747.370000 51977 65049
 3881 0.000430 56317.990000 51558 65017
 3886 0.000436 55421.540000 51082 63092
 3891 0.000436 55661.460000 50948 64177
 3896 0.000466 55976.560000 51285 65101
 3901 0.000442 56022.730000 51401 65039
 3906 0.000446 56456.020000 51492 63569
 3911 0.000426 56130.140000 51178 65089
 3916 0.000438 56062.060000 51843 64070
 3921 0.000460 56209.530000 52308 64941
 3926 0.000443 56590.120000 51570 67746
 3931 0.000436 56158.240000 51995 63707
 3936 0.000451 56509.480000 52017 67281
 3941 0.000439 56517.480000 52089 65135
 3946 0.000454 57178.330000 52390 68019
 3951 0.000426 57102.730000 52832 66340
 3956 0.000423 57445.390000 52263 68406
 3961 0.000430 57169.720000 52159 67245
 3966 0.000424 57272.680000 52691 62246
 3971 0.000439 57129.540000 52896 66457
 3976 0.000427 57204.970000 52679 64966
 3981 0.000438 57825.860000 52497 68566
 3986 0.000436 57301.490000 52755 66522
 3991 0.000437 57291.400000 53133 65755
 3996 0.000486 57458.270000 52683 67118
 4001 0.000481 57965.060000 52774 69087
 4006 0.000593 57847.640000 53884 65977
 4011 0.000464 57506.300000 52515 65993
 4016 0.000513 57926.000000 52485 67149
 4021 0.000477 57937.300000 53113 65815
 4026 0.000467 57949.020000 53746 63939
 4031 0.000482 57976.890000 53432 66791
 4036 0.000614 58541.620000 54394 65460
 4041 0.000457 58184.440000 51923 66641
 4046 0.000445 58500.460000 54099 65088
 4051 0.000462 58802.860000 54070 69352
 4056 0.000438 58635.070000 53770 68593
 4061 0.000438 58404.850000 54425 68506
 4066 0.000487 58541.820000 54276 68728
 4071 0.000456 58826.450000 54538 68725
 4076 0.000589 58945.120000 54499 69802
 4081 0.000465 58841.570000 54264 67522
 4086 0.000461 59083.180000 55250 67905
 4091 0.000447 59451.970000 54545 67379
 4096 0.000464 59442.700000 54147 66168
 4101 0.000477 59673.870000 55343 71231
 4106 0.000793 59043.250000 54139 65222
 4111 0.000577 59658.700000 54144 65603
 4116 0.000478 59777.760000 55376 67517
 4121 0.000492 59987.580000 55285 66768
 4126 0.000499 60054.770000 54400 71743
 4131 0.000501 59975.280000 55676 70427
 4136 0.000492 59876.910000 54811 67487
 4141 0.000471 59854.250000 54436 66426
 4146 0.000594 59894.790000 55267 71017
 4151 0.000445 60356.870000 56132 68944
 4156 0.000461 60119.560000 55316 67439
 4161 0.000441 60370.800000 55187 69380
 4166 0.000444 60849.480000 55509 70247
 4171 0.000445 60679.810000 56296 68610
 4176 0.000484 60726.980000 55907 69202
 4181 0.000456 60880.190000 54881 70348
 4186 0.000445 60528.140000 56466 69712
 4191 0.000452 60630.800000 55773 69834
 4196 0.000457 60782.960000 55366 67901
 4201 0.000450 60748.300000 56245 75169
 4206 0.000469 61122.690000 55812 68496
 4211 0.000458 61148.160000 57060 69358
 4216 0.000460 61581.140000 56014 72182
 4221 0.000449 60863.530000 56938 67851
 4226 0.000469 61387.680000 56839 71316
 4231 0.000450 61373.590000 56974 71028
 4236 0.000449 61381.850000 56941 73986
 4241 0.000455 61892.750000 56968 72633
 4246 0.000474 61433.380000 56765 69764
 4251 0.000459 61393.640000 56626 66795
 4256 0.000463 61800.140000 57703 68905
 4261 0.000475 62194.010000 57559 72471
 4266 0.000511 62198.110000 57503 70365
 4271 0.000526 62577.540000 57794 69242
 4276 0.000469 62091.200000 57641 74431
 4281 0.000456 62072.000000 57313 70345
 4286 0.000477 62724.650000 57493 71007
 4291 0.000462 62514.820000 57404 68686
 4296 0.000471 62347.930000 57287 71926
 4301 0.000490 62759.870000 57922 71897
 4306 0.000483 63029.660000 57923 70033
 4311 0.000473 62890.700000 57054 73208
 4316 0.000483 62991.360000 58068 71795
 4321 0.000471 63037.420000 58694 74860
 4326 0.000459 62947.160000 58050 73897
 4331 0.000476 62442.120000 58343 72452
 4336 0.000482 62745.770000 58003 70149
 4341 0.000470 63580.160000 58240 76464
 4346 0.000468 63591.220000 58825 70122
 4351 0.000473 63761.390000 58655 75325
 4356 0.000488 63831.780000 58481 74853
 4361 0.000466 63645.740000 58418 71756
 4366 0.000483 62954.350000 58476 69650
 4371 0.000474 63572.610000 57921 71092
 4376 0.000481 64072.790000 58022 71278
 4381 0.000484 64051.090000 59120 73971
 4386 0.000473 64147.680000 58734 70669
 4391 0.000500 64275.040000 59811 70992
 4396 0.000492 64050.840000 59958 70642
 4401 0.000527 64005.550000 59899 71989
 4406 0.000541 63864.520000 59130 71698
 4411 0.000525 64824.020000 59395 77626
 4416 0.000507 64771.500000 58875 74252
 4421 0.000512 64722.900000 58862 82089
 4426 0.000507 64422.110000 59220 75023
 4431 0.000486 64655.210000 58683 73732
 4436 0.000477 64669.540000 59942 75013
 4441 0.000504 65193.780000 60040 73237
 4446 0.000661 64886.570000 60431 73504
 4451 0.000544 65844.430000 60561 74580
 4456 0.000506 65165.710000 59169 79612
 4461 0.000495 65200.990000 59881 77340
 4466 0.000508 64751.570000 59112 75841
 4471 0.000514 65159.160000 60341 80021
 4476 0.000524 65646.500000 60886 72863
 4481 0.000523 65734.050000 60640 72551
 4486 0.000485 66078.580000 60402 75454
 4491 0.000544 65429.790000 60346 72980
 4496 0.000524 65282.510000 60813 74808
 4501 0.000517 65958.660000 61070 75478
 4506 0.000518 65904.360000 60124 76614
 4511 0.000521 66379.150000 60285 76327
 4516 0.000532 66351.190000 61321 76270
 4521 0.000502 66584.770000 61841 77121
 4526 0.000525 66296.950000 60889 75694
 4531 0.000555 66344.890000 61442 75542
 4536 0.000551 66133.740000 60808 74985
 4541 0.000549 66739.360000 61450 75999
 4546 0.000564 66610.600000 60912 73644
 4551 0.000576 66863.670000 62587 77338
 4556 0.000631 66852.750000 60107 75248
 4561 0.000602 66982.130000 62111 76980
 4566 0.000605 66823.990000 60856 82002
 4571 0.000624 66893.700000 62153 78038
 4576 0.000605 66799.030000 61527 73743
 4581 0.000606 66700.950000 62018 76794
 4586 0.000592 67371.320000 63092 74824
 4591 0.000592 67221.420000 62366 74951
 4596 0.000582 67487.540000 62721 74648
 4601 0.000568 67476.010000 61239 79489
 4606 0.000565 67695.750000 62997 78431
 4611 0.000590 67354.170000 62178 76430
 4616 0.000586 68104.680000 63178 77326
 4621 0.000603 67776.600000 61788 76435
 4626 0.000588 68236.680000 63393 79396
 4631 0.000589 67522.170000 62575 73801
 4636 0.000591 68510.700000 62468 86406
 4641 0.000594 68068.140000 62218 75105
 4646 0.000622 68936.320000 63823 80270
 4651 0.000608 68544.090000 62931 78196
 4656 0.000607 67948.440000 63551 81157
 4661 0.000634 68497.610000 63743 76194
 4666 0.000624 68162.180000 63934 75676
 4671 0.000612 68272.510000 63647 76763
 4676 0.000615 68875.650000 62669 77287
 4681 0.000620 68679.280000 63360 80098
 4686 0.000597 68981.900000 63305 83283
 4691 0.000609 69030.850000 64444 75875
 4696 0.000616 68872.860000 63535 82889
 4701 0.000575 69241.620000 64709 80008
 4706 0.000577 69768.310000 64966 82448
 4711 0.000579 69410.230000 63688 76775
 4716 0.000569 69517.720000 63510 78222
 4721 0.000573 69885.420000 65025 81297
 4726 0.000580 69315.510000 64221 77989
 4731 0.000576 69907.460000 64157 78908
 4736 0.000566 69806.640000 64600 83665
 4741 0.000572 69486.130000 63882 78901
 4746 0.000569 69924.870000 64144 81250
 4751 0.000567 69801.590000 65156 77697
 4756 0.000575 70735.210000 65717 82294
 4761 0.000584 70000.370000 65119 80227
 4766 0.000576 70307.760000 65217 83425
 4771 0.000591 70674.680000 65893 81010
 4776 0.000584 70134.830000 65233 77822
 4781 0.000595 71147.330000 65713 79601
 4786 0.000599 70815.180000 65893 79171
 4791 0.000608 70769.200000 64045 78420
 4796 0.000623 70768.160000 65277 78747
 4801 0.000605 70856.090000 65824 79854
 4806 0.000595 71327.380000 64734 81720
 4811 0.000601 71572.210000 65925 80880
 4816 0.000589 71208.070000 65298 81124
 4821 0.000574 71527.620000 65087 83006
 4826 0.000577 71823.710000 65802 80164
 4831 0.000580 71252.810000 66093 79665
 4836 0.000615 71463.950000 65411 80500
 4841 0.000607 71603.540000 66529 82216
 4846 0.000633 71949.120000 66854 83255
 4851 0.000621 71812.830000 65616 84715
 4856 0.000640 71258.110000 66127 81604
 4861 0.000631 71752.810000 65495 80361
 4866 0.000627 71823.430000 66181 84795
 4871 0.000649 72079.040000 66210 80567
 4876 0.000660 72321.570000 66138 81508
 4881 0.000639 72632.830000 67548 84157
 4886 0.000620 72048.910000 67316 80649
 4891 0.000634 72938.170000 67653 80868
 4896 0.000691 72843.140000 66092 82513
 4901 0.000717 73127.180000 67402 85522
 4906 0.000874 72784.970000 67528 86199
 4911 0.000797 72332.600000 66903 80549
 4916 0.000774 72350.400000 66543 84254
 4921 0.000751 72756.480000 66840 81983
 4926 0.000761 72927.520000 66502 79879
 4931 0.000775 73214.010000 67055 85337
 4936 0.000805 73495.490000 67094 82134
 4941 0.000764 73126.050000 66434 81145
 4946 0.000717 73007.120000 67813 83868
 4951 0.000689 73404.270000 68208 82388
 4956 0.000664 73689.810000 67200 81573
 4961 0.000697 73862.950000 68674 86112
 4966 0.000654 73788.990000 68065 80183
 4971 0.000642 73766.670000 68130 83242
 4976 0.000648 73921.060000 68959 81210
 4981 0.000614 74023.090000 67202 83371
 4986 0.000610 73890.010000 67800 86060
 4991 0.000599 73872.460000 69256 82768
 4996 0.000609 74208.260000 68328 83759
