 1 0.000000 0.000000 0 0
 6 0.000001 19.010000 11 40
 11 0.000001 43.800000 28 113
 16 0.000002 83.570000 49 214
 21 0.000003 104.180000 73 343
 26 0.000004 150.420000 99 519
 31 0.000004 185.920000 131 695
 36 0.000005 220.850000 154 884
 41 0.000006 280.730000 190 1116
 46 0.000007 321.230000 219 1457
 51 0.000008 339.850000 259 1660
 56 0.000009 367.390000 288 1972
 61 0.000012 492.340000 321 2345
 66 0.000014 497.650000 357 2698
 71 0.000015 590.710000 393 3152
 76 0.000015 514.240000 428 759
 81 0.000016 669.220000 483 4069
 86 0.000016 722.140000 502 4410
 91 0.000018 705.800000 547 3501
 96 0.000017 855.680000 575 5478
 101 0.000021 860.220000 636 6052
 106 0.000026 909.730000 657 6549
 111 0.000026 867.970000 684 4868
 116 0.000028 956.910000 720 7728
 121 0.000029 1224.470000 749 8446
 126 0.000032 1348.140000 829 9110
 131 0.000027 1028.200000 863 1658
 136 0.000028 1211.930000 935 10452
 141 0.000025 1299.450000 975 11242
 146 0.000032 1506.350000 1009 12056
 151 0.000030 1325.070000 1062 10128
 156 0.000027 1529.430000 1089 13633
 161 0.000028 1318.260000 1128 2884
 166 0.000027 1404.070000 1168 5475
 171 0.000029 1616.320000 1229 12023
 176 0.000030 1729.060000 1260 17210
 181 0.000030 1618.780000 1318 9787
 186 0.000032 1768.360000 1348 19023
 191 0.000034 2038.170000 1431 20114
 196 0.000032 1678.990000 1471 2047
 201 0.000034 1826.830000 1504 5819
 206 0.000034 1894.270000 1559 10900
 211 0.000036 1863.050000 1600 3371
 216 0.000038 2099.910000 1643 21476
 221 0.000038 2021.730000 1643 8514
 226 0.000040 2227.010000 1726 27861
 231 0.000040 2151.490000 1831 7575
 236 0.000044 2726.030000 1849 30581
 241 0.000042 2250.010000 1834 7607
 246 0.000044 2596.560000 1896 32706
 251 0.000043 2326.380000 1964 4950
 256 0.000047 2580.720000 2078 18187
 261 0.000047 2427.920000 2038 6323
 266 0.000049 2709.220000 2135 28314
 271 0.000049 2542.010000 2160 9218
 276 0.000048 2562.980000 2219 4391
 281 0.000050 2668.740000 2234 8204
 286 0.000056 3826.330000 2339 44015
 291 0.000055 2828.880000 2336 13498
 296 0.000056 3059.460000 2416 16107
 301 0.000053 2805.300000 2455 3216
 306 0.000055 2977.250000 2555 8114
 311 0.000054 2898.200000 2553 3405
 316 0.000057 3055.710000 2693 6086
 321 0.000057 3069.650000 2628 7708
 326 0.000060 3152.660000 2738 4538
 331 0.000061 3157.560000 2763 4781
 336 0.000062 3230.720000 2849 4927
 341 0.000066 3869.840000 2838 61584
 346 0.000064 3350.610000 2905 6941
 351 0.000064 3456.800000 3051 6760
 356 0.000065 3537.040000 3061 9145
 361 0.000066 3566.180000 3068 6431
 366 0.000069 3597.350000 3130 5065
 371 0.000069 3694.340000 3228 9048
 376 0.000069 3835.910000 3161 10188
 381 0.000072 4073.490000 3312 35490
 386 0.000073 4158.760000 3390 40449
 391 0.000072 3884.400000 3467 5276
 396 0.000073 3964.090000 3449 6993
 401 0.000078 4770.120000 3599 57315
 406 0.000078 4150.140000 3586 9554
 411 0.000083 5134.160000 3516 89191
 416 0.000086 5871.360000 3640 91187
 421 0.000086 5306.120000 3686 93282
 426 0.000079 4259.920000 3801 5785
 431 0.000086 5271.290000 3894 97933
 436 0.000084 4879.880000 3898 52524
 441 0.000092 5494.830000 3959 102375
 446 0.000089 5414.360000 3997 104464
 451 0.000085 4708.100000 4078 12194
 456 0.000086 4673.050000 4053 9282
 461 0.000097 6231.800000 4178 111175
 466 0.000092 4971.220000 4313 11982
 471 0.000093 5634.840000 4340 59834
 476 0.000086 4875.050000 4329 6234
 481 0.000093 5059.700000 4405 18638
 486 0.000094 5089.500000 4452 10594
 491 0.000097 5092.010000 4369 8890
 496 0.000096 5134.860000 4583 6368
 501 0.000106 6990.460000 4634 131349
 506 0.000101 5750.610000 4626 29769
 511 0.000100 5280.200000 4717 6479
 516 0.000104 5509.640000 4697 19729
 521 0.000109 6916.310000 4861 135310
 526 0.000103 5521.740000 4749 12199
 531 0.000109 5564.160000 4963 7154
 536 0.000118 5592.280000 4888 6988
 541 0.000106 5704.220000 5048 6893
 546 0.000109 5719.510000 5085 6926
 551 0.000113 5862.660000 5204 13861
 556 0.000113 7663.240000 5333 162045
 561 0.000110 6038.650000 5282 9655
 566 0.000112 6033.690000 5331 11827
 571 0.000128 8637.010000 5514 144368
 576 0.000116 6512.670000 5389 28173
 581 0.000124 7908.430000 5574 176173
 586 0.000117 6311.040000 5495 15778
 591 0.000116 6258.080000 5559 7230
 596 0.000115 8324.340000 5574 185261
 601 0.000119 6392.210000 5784 7489
 606 0.000135 8292.510000 5823 190565
 611 0.000126 6703.060000 6002 22210
 616 0.000127 6967.710000 5916 23348
 621 0.000126 6818.750000 5988 22142
 626 0.000120 7568.800000 5914 81050
 631 0.000177 8980.610000 6039 206895
 636 0.000129 7048.060000 5994 25550
 641 0.000127 6902.420000 6185 7858
 646 0.000129 7050.950000 6274 13449
 651 0.000130 7249.430000 6244 29284
 656 0.000132 7271.360000 6550 23012
 661 0.000143 8552.700000 6437 134142
 666 0.000136 7254.100000 6534 8206
 671 0.000134 7349.920000 6370 11057
 676 0.000137 7448.280000 6475 14722
 681 0.000137 7444.930000 6527 8690
 686 0.000150 9475.890000 6668 181751
 691 0.000143 7540.620000 6931 9411
 696 0.000143 7699.810000 6814 9982
 701 0.000156 10109.410000 6884 248116
 706 0.000143 7706.990000 6915 9123
 711 0.000146 8239.950000 7072 33060
 716 0.000151 7959.530000 6986 9820
 721 0.000146 8194.100000 7019 28102
 726 0.000155 8286.540000 7244 21757
 731 0.000151 8066.370000 7391 13568
 736 0.000193 14369.050000 7394 280355
 741 0.000158 8763.350000 7382 38517
 746 0.000157 8477.210000 7390 19243
 751 0.000155 8614.300000 7457 22882
 756 0.000157 8435.550000 7457 16645
 761 0.000162 8536.750000 7703 9766
 766 0.000163 8532.540000 7549 10141
 771 0.000158 8695.720000 7572 9971
 776 0.000159 8667.850000 7876 10860
 781 0.000162 8851.810000 7994 12609
 786 0.000161 8824.510000 7820 10723
 791 0.000180 8879.720000 7994 14115
 796 0.000162 9107.560000 8059 14374
 801 0.000170 9299.680000 8149 35551
 806 0.000168 9218.540000 8149 12840
 811 0.000174 9194.790000 8307 11275
 816 0.000174 9399.110000 8317 17987
 821 0.000172 9468.140000 8087 28309
 826 0.000169 9292.510000 8284 11624
 831 0.000176 9561.070000 8529 14413
 836 0.000185 9603.970000 8454 16225
 841 0.000175 9648.650000 8655 11327
 846 0.000181 9529.470000 8329 11024
 851 0.000178 9594.700000 8758 11200
 856 0.000200 13508.590000 8787 377602
 861 0.000182 10212.970000 8856 42712
 866 0.000172 9877.400000 9060 11474
 871 0.000185 9987.160000 8799 12558
 876 0.000185 10040.690000 8719 12908
 881 0.000193 10057.420000 9128 11638
 886 0.000196 10438.170000 9030 30581
 891 0.000173 10218.540000 9151 12293
 896 0.000189 10307.520000 9125 19101
 901 0.000216 14442.660000 9394 418403
 906 0.000191 10300.340000 9437 11935
 911 0.000194 10435.110000 9541 12019
 916 0.000216 14750.620000 9543 430977
 921 0.000198 11708.680000 9274 89961
 926 0.000231 16771.610000 9434 440623
 931 0.000202 10724.940000 9838 12786
 936 0.000220 15220.110000 9649 450473
 941 0.000209 12903.680000 9975 217759
 946 0.000200 11157.820000 9848 14612
 951 0.000208 12215.290000 9883 136850
 956 0.000208 11592.160000 10084 57317
 961 0.000205 11174.240000 10086 13215
 966 0.000206 11372.800000 10094 28739
 971 0.000210 11690.230000 10229 55688
 976 0.000208 11476.230000 10107 17039
 981 0.000211 11402.330000 10119 14599
 986 0.000212 11557.520000 10325 18435
 991 0.000226 11552.530000 10370 16648
 996 0.000214 12034.130000 10418 58070
 1001 0.000217 11986.820000 10582 32928
 1006 0.000226 11904.280000 10441 21459
 1011 0.000251 16896.280000 10673 523767
 1016 0.000220 11847.830000 10514 14775
 1021 0.000221 12105.420000 10776 16140
 1026 0.000235 12194.210000 10752 21613
 1031 0.000221 12050.750000 10673 16357
 1036 0.000226 12176.070000 11086 14010
 1041 0.000222 12236.800000 11071 14477
 1046 0.000236 12279.620000 11039 14028
 1051 0.000232 13492.450000 11205 91898
 1056 0.000242 15036.260000 11076 234061
 1061 0.000230 12457.870000 11111 15489
 1066 0.000231 12796.430000 11438 37703
 1071 0.000232 13148.270000 11409 47463
 1076 0.000231 12782.540000 11569 16039
 1081 0.000233 12628.750000 11267 17857
 1086 0.000278 13916.990000 11712 123705
 1091 0.000293 12881.050000 11441 15834
 1096 0.000269 13015.540000 11680 20768
 1101 0.000322 19166.980000 11788 621267
 1106 0.000265 13047.970000 11758 16488
 1111 0.000270 13356.480000 11726 32227
 1116 0.000271 13410.460000 12197 19345
 1121 0.000294 13399.480000 12033 22899
 1126 0.000357 26351.590000 12149 649826
 1131 0.000265 13784.800000 12216 26407
 1136 0.000273 13566.350000 12246 16141
 1141 0.000261 13711.130000 12101 16814
 1146 0.000255 14208.590000 12491 44565
 1151 0.000321 20661.870000 12581 678929
 1156 0.000274 16425.460000 12672 258553
 1161 0.000276 14243.990000 12545 58019
 1166 0.000258 13955.640000 12816 15852
 1171 0.000283 14818.700000 12720 93961
 1176 0.000262 14795.080000 12691 53877
 1181 0.000259 14305.210000 13032 15973
 1186 0.000271 16545.060000 12676 148624
 1191 0.000267 14469.130000 12825 18967
 1196 0.000266 14700.010000 12839 38624
 1201 0.000269 14460.360000 12972 16858
 1206 0.000270 14706.430000 12936 18118
 1211 0.000308 22236.010000 13025 748284
 1216 0.000275 16477.030000 13242 184647
 1221 0.000269 14781.670000 13277 19687
 1226 0.000272 14905.890000 13488 18706
 1231 0.000275 15291.800000 13422 48129
 1236 0.000273 15049.360000 13545 20869
 1241 0.000277 15503.790000 13730 54145
 1246 0.000320 22824.510000 13520 794939
 1251 0.000278 15194.330000 13387 18576
 1256 0.000278 15126.840000 13499 17977
 1261 0.000346 15798.870000 13829 41510
 1266 0.000368 15363.260000 13859 17985
 1271 0.000375 15590.990000 14134 32501
 1276 0.000395 18474.000000 14011 267790
 1281 0.000367 17296.700000 14236 181749
 1286 0.000384 24744.730000 14205 815624
 1291 0.000356 16064.280000 14113 33082
 1296 0.000356 16060.030000 14252 19315
 1301 0.000349 15882.720000 14270 18048
 1306 0.000360 15927.350000 14172 20053
 1311 0.000329 16625.140000 14526 54046
 1316 0.000316 16917.460000 14478 83874
 1321 0.000317 19250.560000 14501 327215
 1326 0.000300 16224.480000 14635 19477
 1331 0.000360 25264.220000 14559 903753
 1336 0.000321 19063.680000 14971 239629
 1341 0.000353 25854.720000 15264 917168
 1346 0.000316 19546.090000 15070 188515
 1351 0.000305 17281.430000 15022 76096
 1356 0.000332 21275.220000 15275 317923
 1361 0.000305 16734.970000 14805 24596
 1366 0.000310 16930.320000 15231 26908
 1371 0.000309 17133.660000 15328 27136
 1376 0.000310 17035.020000 15529 20033
 1381 0.000314 17194.560000 15478 35511
 1386 0.000316 17616.790000 15148 45538
 1391 0.000311 17346.650000 15816 24396
 1396 0.000310 16970.910000 15542 19747
 1401 0.000363 27282.840000 15676 1000999
 1406 0.000311 17268.090000 15867 19941
 1411 0.000315 17381.120000 15771 20480
 1416 0.000318 17612.440000 15733 20431
 1421 0.000317 17398.750000 15863 19633
 1426 0.000351 23677.580000 15918 623903
 1431 0.000329 18976.230000 15795 112065
 1436 0.000340 21132.100000 15989 369457
 1441 0.000326 18189.920000 16480 38238
 1446 0.000429 37004.350000 16329 1064114
 1451 0.000333 18157.310000 16039 22570
 1456 0.000327 18164.070000 16650 21579
 1461 0.000333 18570.980000 16450 45017
 1466 0.000332 18274.700000 16054 23534
 1471 0.000335 18538.380000 16374 32470
 1476 0.000388 29571.590000 16808 1108773
 1481 0.000352 21180.140000 16708 299662
 1486 0.000338 18609.650000 17137 21937
 1491 0.000334 18582.120000 16567 32279
 1496 0.000373 25531.100000 16665 592505
 1501 0.000339 18877.250000 16917 22418
 1506 0.000344 18997.300000 17380 27113
 1511 0.000343 18806.380000 17091 21410
 1516 0.000347 18953.750000 17122 24092
 1521 0.000406 30467.810000 17010 1177170
 1526 0.000352 19479.420000 17417 36098
 1531 0.000392 27489.980000 17448 847509
 1536 0.000356 20481.180000 17391 139288
 1541 0.000350 19649.940000 17619 39501
 1546 0.000349 19656.330000 17583 52981
 1551 0.000355 19713.190000 17622 33680
 1556 0.000355 19810.000000 17741 52743
 1561 0.000354 19557.260000 17587 23547
 1566 0.000355 19708.210000 17611 24773
 1571 0.000360 20323.110000 17992 47721
 1576 0.000385 25213.540000 18127 558130
 1581 0.000360 19982.540000 18239 24379
 1586 0.000364 19934.530000 18158 32909
 1591 0.000365 20253.730000 18172 25557
 1596 0.000366 20175.290000 18617 22876
 1601 0.000370 20293.930000 18415 23552
 1606 0.000368 20397.700000 18242 24106
 1611 0.000369 20309.500000 18465 23328
 1616 0.000380 22028.740000 18599 182466
 1621 0.000375 20605.620000 18551 25153
 1626 0.000458 35132.760000 18728 1344357
 1631 0.000376 21139.020000 18779 53904
 1636 0.000377 20554.050000 18947 23429
 1641 0.000381 21547.130000 18691 81157
 1646 0.000384 21779.920000 19130 104365
 1651 0.000381 21227.020000 18779 57284
 1656 0.000400 24121.300000 18966 334285
 1661 0.000391 22795.000000 19382 199763
 1666 0.000387 21475.520000 18963 52006
 1671 0.000407 22631.420000 19462 126706
 1676 0.000386 21297.010000 19043 30603
 1681 0.000387 21240.370000 19157 25514
 1686 0.000466 35716.550000 19114 1444659
 1691 0.000392 21853.980000 19756 27224
 1696 0.000393 21761.530000 19556 25233
 1701 0.000395 21744.170000 20022 24569
 1706 0.000396 21957.780000 19401 41768
 1711 0.000399 21651.890000 19879 25722
 1716 0.000412 24002.980000 19891 241275
 1721 0.000398 22035.880000 20184 25979
 1726 0.000404 22888.810000 19821 107203
 1731 0.000403 22058.470000 20028 25496
 1736 0.000410 22344.230000 19918 30862
 1741 0.000404 22543.940000 20294 39891
 1746 0.000404 22486.550000 20380 29386
 1751 0.000403 22557.840000 20378 35056
 1756 0.000404 22215.010000 20270 26655
 1761 0.000406 22680.810000 20731 28306
 1766 0.000410 23066.330000 20321 58547
 1771 0.000408 22714.910000 20321 25759
 1776 0.000411 23189.180000 20616 47120
 1781 0.000412 23053.110000 20746 37218
 1786 0.000414 22899.690000 20679 38766
 1791 0.000415 23287.600000 20997 52356
 1796 0.000418 22879.050000 20885 26077
 1801 0.000420 23288.070000 20426 42958
 1806 0.000421 23317.080000 20985 27248
 1811 0.000422 23302.200000 21408 28593
 1816 0.000434 24461.390000 21284 137019
 1821 0.000428 23405.880000 21331 27339
 1826 0.000510 40293.760000 21347 1694332
 1831 0.000428 24165.810000 21457 87152
 1836 0.000426 23856.560000 21043 29908
 1841 0.000428 23565.870000 21492 27343
 1846 0.000430 23988.770000 21720 40275
 1851 0.000519 41054.470000 21503 1739301
 1856 0.000432 23957.860000 22017 30295
 1861 0.000436 24030.890000 21986 28892
 1866 0.000440 25432.140000 22055 116771
 1871 0.000435 24167.470000 21908 28353
 1876 0.000445 24970.140000 21831 57374
 1881 0.000437 24402.650000 22231 29015
 1886 0.000444 24832.510000 22142 44168
 1891 0.000443 24663.740000 22245 51065
 1896 0.000452 24691.780000 22701 35978
 1901 0.000449 24685.610000 22620 27808
 1906 0.000449 24834.520000 22405 30689
 1911 0.000463 27658.880000 22928 172465
 1916 0.000476 29090.920000 22634 360166
 1921 0.000455 25081.150000 22690 29527
 1926 0.000452 25015.060000 23113 28179
 1931 0.000454 25723.320000 22960 64738
 1936 0.000456 25948.440000 23167 98890
 1941 0.000457 25190.790000 22916 29074
 1946 0.000457 25156.550000 22929 27565
 1951 0.000459 25364.410000 22681 33358
 1956 0.000459 25580.000000 22901 32510
 1961 0.000460 25632.320000 23368 29640
 1966 0.000462 25871.320000 23216 47378
 1971 0.000460 25797.630000 23780 29183
 1976 0.000471 25627.900000 23510 29485
 1981 0.000472 26150.340000 23280 53609
 1986 0.000468 25849.130000 23865 30447
 1991 0.000474 26677.640000 23818 78808
 1996 0.000468 26292.990000 23983 42419
