Running: C:\Xilinx\14.7\ISE_DS\ISE\bin\nt64\unwrapped\fuse.exe -intstyle ise -incremental -o C:/Users/migue/OneDrive/Escritorio/1 DE CARRERA/Fundamento de Computadoras/Mater/p3ej1_tb_isim_beh.exe -prj C:/Users/migue/OneDrive/Escritorio/1 DE CARRERA/Fundamento de Computadoras/Mater/p3ej1_tb_beh.prj work.p3ej1_tb 
ISim P.20131013 (signature 0x7708f090)
Number of CPUs detected in this system: 8
Turning on mult-threading, number of parallel sub-compilation jobs: 16 
Determining compilation order of HDL files
Parsing VHDL file "C:/Users/migue/OneDrive/Escritorio/1 DE CARRERA/Fundamento de Computadoras/Mater/p3ej1.vhf" into library work
Parsing VHDL file "C:/Users/migue/OneDrive/Escritorio/1 DE CARRERA/Fundamento de Computadoras/Mater/../../../../../Downloads/Testbench 3/p3ej1_tb.vhd" into library work
Starting static elaboration
Completed static elaboration
Compiling package standard
Compiling package std_logic_1164
Compiling package numeric_std
Compiling package vcomponents
Compiling architecture fdc_v of entity FDC [\FDC('0')\]
Compiling architecture or2_v of entity OR2 [or2_default]
Compiling architecture and2_v of entity AND2 [and2_default]
Compiling architecture inv_v of entity INV [inv_default]
Compiling architecture behavioral of entity p3ej1 [p3ej1_default]
Compiling architecture behavioral of entity p3ej1_tb
Time Resolution for simulation is 1ps.
Waiting for 1 sub-compilation(s) to finish...
Compiled 15 VHDL Units
Built simulation executable C:/Users/migue/OneDrive/Escritorio/1 DE CARRERA/Fundamento de Computadoras/Mater/p3ej1_tb_isim_beh.exe
Fuse Memory Usage: 49924 KB
Fuse CPU Usage: 702 ms
