Command line:
   P1EJ3a_tb_isim_beh.exe
     -simmode  gui
     -simrunnum  0
     -socket  51612

Wed Oct 14 20:01:08 2020


 Elaboration Time: 0.0625 sec

 Current Memory Usage: 5160.64 Meg

 Total Signals          : 30
 Total Nets             : 32
 Total Signal Drivers   : 4
 Total Blocks           : 4
 Total Primitive Blocks : 4
 Total Processes        : 4
 Total Traceable Variables  : 14
 Total Scalar Nets and Variables : 516
Total Line Count : 7

 Total Simulation Time: 0.0625 sec

 Current Memory Usage: 5160.64 Meg

Wed Oct 14 20:01:24 2020

