2023-05-06 21:32:54,812 INFO o.a.j.u.JMeterUtils: Setting Locale to es_ES
2023-05-06 21:32:54,823 INFO o.a.j.u.JMeterUtils: Could not find resources for 'es_ES', using 'es'
2023-05-06 21:32:54,824 INFO o.a.j.JMeter: Loading user properties from: /home/miguel/examenSI2/P2/apache-jmeter-5.2.1/bin/user.properties
2023-05-06 21:32:54,824 INFO o.a.j.JMeter: Loading system properties from: /home/miguel/examenSI2/P2/apache-jmeter-5.2.1/bin/system.properties
2023-05-06 21:32:54,825 INFO o.a.j.JMeter: Copyright (c) 1998-2019 The Apache Software Foundation
2023-05-06 21:32:54,825 INFO o.a.j.JMeter: Version 5.2.1
2023-05-06 21:32:54,825 INFO o.a.j.JMeter: java.version=1.8.0_362
2023-05-06 21:32:54,825 INFO o.a.j.JMeter: java.vm.name=OpenJDK 64-Bit Server VM
2023-05-06 21:32:54,825 INFO o.a.j.JMeter: os.name=Linux
2023-05-06 21:32:54,825 INFO o.a.j.JMeter: os.arch=amd64
2023-05-06 21:32:54,825 INFO o.a.j.JMeter: os.version=5.19.0-41-generic
2023-05-06 21:32:54,825 INFO o.a.j.JMeter: file.encoding=UTF-8
2023-05-06 21:32:54,825 INFO o.a.j.JMeter: java.awt.headless=null
2023-05-06 21:32:54,825 INFO o.a.j.JMeter: Max memory     =3585081344
2023-05-06 21:32:54,825 INFO o.a.j.JMeter: Available Processors =12
2023-05-06 21:32:54,829 INFO o.a.j.JMeter: Default Locale=espa単ol (Espa単a)
2023-05-06 21:32:54,829 INFO o.a.j.JMeter: JMeter  Locale=espa単ol (Espa単a)
2023-05-06 21:32:54,829 INFO o.a.j.JMeter: JMeterHome=/home/miguel/examenSI2/P2/apache-jmeter-5.2.1
2023-05-06 21:32:54,829 INFO o.a.j.JMeter: user.dir  =/home/miguel/examenSI2/P2
2023-05-06 21:32:54,829 INFO o.a.j.JMeter: PWD       =/home/miguel/examenSI2/P2
2023-05-06 21:32:54,829 INFO o.a.j.JMeter: IP: 127.0.1.1 Name: miguel-System-Product-Name FullName: miguel-System-Product-Name
2023-05-06 21:32:54,975 INFO o.a.j.g.a.LookAndFeelCommand: Installing Darcula LAF
2023-05-06 21:32:54,993 INFO o.a.j.g.a.LookAndFeelCommand: Using look and feel: com.bulenkov.darcula.DarculaLaf [Darcula]
2023-05-06 21:32:54,993 INFO o.a.j.JMeter: Setting LAF to: com.bulenkov.darcula.DarculaLaf
2023-05-06 21:32:55,038 INFO o.a.j.JMeter: Loaded icon properties from org/apache/jmeter/images/icon.properties
2023-05-06 21:32:55,981 INFO o.a.j.p.h.s.HTTPSamplerBase: Parser for text/html is org.apache.jmeter.protocol.http.parser.LagartoBasedHtmlParser
2023-05-06 21:32:55,982 INFO o.a.j.p.h.s.HTTPSamplerBase: Parser for application/xhtml+xml is org.apache.jmeter.protocol.http.parser.LagartoBasedHtmlParser
2023-05-06 21:32:55,982 INFO o.a.j.p.h.s.HTTPSamplerBase: Parser for application/xml is org.apache.jmeter.protocol.http.parser.LagartoBasedHtmlParser
2023-05-06 21:32:55,982 INFO o.a.j.p.h.s.HTTPSamplerBase: Parser for text/xml is org.apache.jmeter.protocol.http.parser.LagartoBasedHtmlParser
2023-05-06 21:32:55,982 INFO o.a.j.p.h.s.HTTPSamplerBase: Parser for text/vnd.wap.wml is org.apache.jmeter.protocol.http.parser.RegexpHTMLParser
2023-05-06 21:32:55,982 INFO o.a.j.p.h.s.HTTPSamplerBase: Parser for text/css is org.apache.jmeter.protocol.http.parser.CssParser
2023-05-06 21:32:56,167 INFO o.a.j.e.KeyToolUtils: keytool found at 'keytool'
2023-05-06 21:32:56,167 INFO o.a.j.p.h.p.ProxyControl: HTTP(S) Test Script Recorder SSL Proxy will use keys that support embedded 3rd party resources in file /home/miguel/examenSI2/P2/apache-jmeter-5.2.1/bin/proxyserver.jks
2023-05-06 21:32:56,241 INFO o.a.j.s.FileServer: Default base='/home/miguel/examenSI2/P2'
2023-05-06 21:32:56,398 INFO o.a.j.s.SampleResult: Note: Sample TimeStamps are START times
2023-05-06 21:32:56,399 INFO o.a.j.s.SampleResult: sampleresult.default.encoding is set to ISO-8859-1
2023-05-06 21:32:56,399 INFO o.a.j.s.SampleResult: sampleresult.useNanoTime=true
2023-05-06 21:32:56,399 INFO o.a.j.s.SampleResult: sampleresult.nanoThreadSleep=5000
2023-05-06 21:32:56,409 INFO o.a.j.v.ViewResultsFullVisualizer: Add JavaFX to your Java installation if you want to use renderer: org.apache.jmeter.visualizers.RenderInBrowser
2023-05-06 21:32:59,373 INFO o.a.j.g.a.Load: Loading file: /home/miguel/examenSI2/P2/Ejercicio2.jmx
2023-05-06 21:32:59,373 INFO o.a.j.s.FileServer: Set new base='/home/miguel/examenSI2/P2'
2023-05-06 21:32:59,438 INFO o.a.j.s.SaveService: Testplan (JMX) version: 2.2. Testlog (JTL) version: 2.2
2023-05-06 21:32:59,441 INFO o.a.j.s.SaveService: Using SaveService properties file encoding UTF-8
2023-05-06 21:32:59,442 INFO o.a.j.s.SaveService: Using SaveService properties version 5.0
2023-05-06 21:32:59,444 INFO o.a.j.s.SaveService: Loading file: /home/miguel/examenSI2/P2/Ejercicio2.jmx
2023-05-06 21:32:59,450 WARN o.a.j.g.a.Load: Error in XML format. org.xmlpull.v1.XmlPullParserException: only whitespace content allowed before start tag and not t (position: START_DOCUMENT seen t... @1:1) 
