Running: C:\Xilinx\14.7\ISE_DS\ISE\bin\nt64\unwrapped\fuse.exe -intstyle ise -incremental -o C:/Users/migue/OneDrive/Escritorio/1 DE CARRERA/Fundamento de Computadoras/Practica2/P2EJ2_tb_isim_beh.exe -prj C:/Users/migue/OneDrive/Escritorio/1 DE CARRERA/Fundamento de Computadoras/Practica2/P2EJ2_tb_beh.prj work.P2EJ2_tb 
ISim P.20131013 (signature 0x7708f090)
Number of CPUs detected in this system: 8
Turning on mult-threading, number of parallel sub-compilation jobs: 16 
Determining compilation order of HDL files
Parsing VHDL file "C:/Users/migue/OneDrive/Escritorio/1 DE CARRERA/Fundamento de Computadoras/Practica2/p2ej2.vhf" into library work
Parsing VHDL file "C:/Users/migue/OneDrive/Escritorio/1 DE CARRERA/Fundamento de Computadoras/Practica2/../../../../../Downloads/Testbench 2/p2ej2_tb.vhd" into library work
Starting static elaboration
Completed static elaboration
Compiling package standard
Compiling package std_logic_1164
Compiling package std_logic_arith
Compiling package std_logic_unsigned
Compiling package numeric_std
Compiling package vcomponents
Compiling architecture and4_v of entity AND4 [and4_default]
Compiling architecture and4b1_v of entity AND4B1 [and4b1_default]
Compiling architecture and4b2_v of entity AND4B2 [and4b2_default]
Compiling architecture and4b3_v of entity AND4B3 [and4b3_default]
Compiling architecture behavioral of entity D3_8E_MXILINX_p2ej2 [d3_8e_mxilinx_p2ej2_default]
Compiling architecture inv_v of entity INV [inv_default]
Compiling architecture or3_v of entity OR3 [or3_default]
Compiling architecture or2_v of entity OR2 [or2_default]
Compiling architecture behavioral of entity p2ej2 [p2ej2_default]
Compiling architecture behavioral of entity p2ej2_tb
Time Resolution for simulation is 1ps.
Waiting for 1 sub-compilation(s) to finish...
Compiled 25 VHDL Units
Built simulation executable C:/Users/migue/OneDrive/Escritorio/1 DE CARRERA/Fundamento de Computadoras/Practica2/P2EJ2_tb_isim_beh.exe
Fuse Memory Usage: 51648 KB
Fuse CPU Usage: 749 ms
