Running: C:\Xilinx\14.7\ISE_DS\ISE\bin\nt64\unwrapped\fuse.exe -intstyle ise -incremental -o C:/Users/migue/OneDrive/Escritorio/1 DE CARRERA/Fundamento de Computadoras/SZRT6HSR/P1EJ3a_tb_isim_beh.exe -prj C:/Users/migue/OneDrive/Escritorio/1 DE CARRERA/Fundamento de Computadoras/SZRT6HSR/P1EJ3a_tb_beh.prj work.P1EJ3a_tb 
ISim P.20131013 (signature 0x7708f090)
Number of CPUs detected in this system: 8
Turning on mult-threading, number of parallel sub-compilation jobs: 16 
Determining compilation order of HDL files
Parsing VHDL file "C:/Users/migue/OneDrive/Escritorio/1 DE CARRERA/Fundamento de Computadoras/SZRT6HSR/p1ej3a.vhf" into library work
Parsing VHDL file "C:/Users/migue/OneDrive/Escritorio/1 DE CARRERA/Fundamento de Computadoras/SZRT6HSR/../p1ej3a_tb.vhd" into library work
Starting static elaboration
Completed static elaboration
Compiling package standard
Compiling package std_logic_1164
Compiling package numeric_std
Compiling package vcomponents
Compiling architecture and2_v of entity AND2 [and2_default]
Compiling architecture or3_v of entity OR3 [or3_default]
Compiling architecture inv_v of entity INV [inv_default]
Compiling architecture behavioral of entity p1ej3a [p1ej3a_default]
Compiling architecture behavioral of entity p1ej3a_tb
Time Resolution for simulation is 1ps.
Compiled 13 VHDL Units
Built simulation executable C:/Users/migue/OneDrive/Escritorio/1 DE CARRERA/Fundamento de Computadoras/SZRT6HSR/P1EJ3a_tb_isim_beh.exe
Fuse Memory Usage: 49476 KB
Fuse CPU Usage: 702 ms
