2023-05-07 01:21:29,960 INFO o.a.j.u.JMeterUtils: Setting Locale to es_ES
2023-05-07 01:21:29,969 INFO o.a.j.u.JMeterUtils: Could not find resources for 'es_ES', using 'es'
2023-05-07 01:21:29,970 INFO o.a.j.JMeter: Loading user properties from: /home/miguel/examenSI2/apache-jmeter-5.2.1/bin/user.properties
2023-05-07 01:21:29,970 INFO o.a.j.JMeter: Loading system properties from: /home/miguel/examenSI2/apache-jmeter-5.2.1/bin/system.properties
2023-05-07 01:21:29,971 INFO o.a.j.JMeter: Copyright (c) 1998-2019 The Apache Software Foundation
2023-05-07 01:21:29,971 INFO o.a.j.JMeter: Version 5.2.1
2023-05-07 01:21:29,971 INFO o.a.j.JMeter: java.version=1.8.0_111
2023-05-07 01:21:29,971 INFO o.a.j.JMeter: java.vm.name=Java HotSpot(TM) 64-Bit Server VM
2023-05-07 01:21:29,971 INFO o.a.j.JMeter: os.name=Linux
2023-05-07 01:21:29,971 INFO o.a.j.JMeter: os.arch=amd64
2023-05-07 01:21:29,971 INFO o.a.j.JMeter: os.version=5.19.0-41-generic
2023-05-07 01:21:29,971 INFO o.a.j.JMeter: file.encoding=UTF-8
2023-05-07 01:21:29,971 INFO o.a.j.JMeter: java.awt.headless=null
2023-05-07 01:21:29,971 INFO o.a.j.JMeter: Max memory     =3585081344
2023-05-07 01:21:29,971 INFO o.a.j.JMeter: Available Processors =12
2023-05-07 01:21:29,975 INFO o.a.j.JMeter: Default Locale=espa単ol (Espa単a)
2023-05-07 01:21:29,975 INFO o.a.j.JMeter: JMeter  Locale=espa単ol (Espa単a)
2023-05-07 01:21:29,975 INFO o.a.j.JMeter: JMeterHome=/home/miguel/examenSI2/apache-jmeter-5.2.1
2023-05-07 01:21:29,975 INFO o.a.j.JMeter: user.dir  =/home/miguel/examenSI2
2023-05-07 01:21:29,975 INFO o.a.j.JMeter: PWD       =/home/miguel/examenSI2
2023-05-07 01:21:29,975 INFO o.a.j.JMeter: IP: 127.0.1.1 Name: miguel-System-Product-Name FullName: miguel-System-Product-Name
2023-05-07 01:21:30,074 INFO o.a.j.g.a.LookAndFeelCommand: Installing Darcula LAF
2023-05-07 01:21:30,095 INFO o.a.j.g.a.LookAndFeelCommand: Using look and feel: com.bulenkov.darcula.DarculaLaf [Darcula]
2023-05-07 01:21:30,095 INFO o.a.j.JMeter: Setting LAF to: com.bulenkov.darcula.DarculaLaf
2023-05-07 01:21:30,125 INFO o.a.j.JMeter: Loaded icon properties from org/apache/jmeter/images/icon.properties
2023-05-07 01:21:31,015 INFO o.a.j.p.h.s.HTTPSamplerBase: Parser for text/html is org.apache.jmeter.protocol.http.parser.LagartoBasedHtmlParser
2023-05-07 01:21:31,015 INFO o.a.j.p.h.s.HTTPSamplerBase: Parser for application/xhtml+xml is org.apache.jmeter.protocol.http.parser.LagartoBasedHtmlParser
2023-05-07 01:21:31,016 INFO o.a.j.p.h.s.HTTPSamplerBase: Parser for application/xml is org.apache.jmeter.protocol.http.parser.LagartoBasedHtmlParser
2023-05-07 01:21:31,016 INFO o.a.j.p.h.s.HTTPSamplerBase: Parser for text/xml is org.apache.jmeter.protocol.http.parser.LagartoBasedHtmlParser
2023-05-07 01:21:31,016 INFO o.a.j.p.h.s.HTTPSamplerBase: Parser for text/vnd.wap.wml is org.apache.jmeter.protocol.http.parser.RegexpHTMLParser
2023-05-07 01:21:31,016 INFO o.a.j.p.h.s.HTTPSamplerBase: Parser for text/css is org.apache.jmeter.protocol.http.parser.CssParser
2023-05-07 01:21:31,171 INFO o.a.j.e.KeyToolUtils: keytool found at 'keytool'
2023-05-07 01:21:31,171 INFO o.a.j.p.h.p.ProxyControl: HTTP(S) Test Script Recorder SSL Proxy will use keys that support embedded 3rd party resources in file /home/miguel/examenSI2/apache-jmeter-5.2.1/bin/proxyserver.jks
2023-05-07 01:21:31,235 INFO o.a.j.s.FileServer: Default base='/home/miguel/examenSI2'
2023-05-07 01:21:31,390 INFO o.a.j.s.SampleResult: Note: Sample TimeStamps are START times
2023-05-07 01:21:31,390 INFO o.a.j.s.SampleResult: sampleresult.default.encoding is set to ISO-8859-1
2023-05-07 01:21:31,390 INFO o.a.j.s.SampleResult: sampleresult.useNanoTime=true
2023-05-07 01:21:31,390 INFO o.a.j.s.SampleResult: sampleresult.nanoThreadSleep=5000
2023-05-07 01:21:35,688 INFO o.a.j.g.a.Load: Loading file: /home/miguel/examenSI2/examen/P2.jmx
2023-05-07 01:21:35,688 INFO o.a.j.s.FileServer: Set new base='/home/miguel/examenSI2/examen'
2023-05-07 01:21:35,770 INFO o.a.j.s.SaveService: Testplan (JMX) version: 2.2. Testlog (JTL) version: 2.2
2023-05-07 01:21:35,774 INFO o.a.j.s.SaveService: Using SaveService properties file encoding UTF-8
2023-05-07 01:21:35,775 INFO o.a.j.s.SaveService: Using SaveService properties version 5.0
2023-05-07 01:21:35,776 INFO o.a.j.s.SaveService: Loading file: /home/miguel/examenSI2/examen/P2.jmx
2023-05-07 01:21:35,867 INFO o.a.j.s.FileServer: Set new base='/home/miguel/examenSI2/examen'
2023-05-07 01:21:38,657 INFO o.a.j.e.StandardJMeterEngine: Running the test!
2023-05-07 01:21:38,658 INFO o.a.j.s.SampleEvent: List of sample_variables: []
2023-05-07 01:21:38,659 INFO o.a.j.s.SampleEvent: List of sample_variables: []
2023-05-07 01:21:38,659 INFO o.a.j.e.u.CompoundVariable: Note: Function class names must contain the string: '.functions.'
2023-05-07 01:21:38,659 INFO o.a.j.e.u.CompoundVariable: Note: Function class names must not contain the string: '.gui.'
2023-05-07 01:21:38,807 INFO o.a.j.g.u.JMeterMenuBar: setRunning(true, *local*)
2023-05-07 01:21:38,875 INFO o.a.j.e.StandardJMeterEngine: Starting ThreadGroup: 1 : P1-base-ex
2023-05-07 01:21:38,876 INFO o.a.j.e.StandardJMeterEngine: Starting 20 threads for group P1-base-ex.
2023-05-07 01:21:38,876 INFO o.a.j.e.StandardJMeterEngine: Thread will continue on error
2023-05-07 01:21:38,876 INFO o.a.j.t.ThreadGroup: Starting thread group... number=1 threads=20 ramp-up=5 delayedStart=false
2023-05-07 01:21:38,880 INFO o.a.j.t.JMeterThread: Thread started: P1-base-ex 1-1
2023-05-07 01:21:38,885 INFO o.a.j.t.ThreadGroup: Started thread group number 1
2023-05-07 01:21:38,885 INFO o.a.j.e.StandardJMeterEngine: All thread groups have been started
2023-05-07 01:21:38,887 INFO o.a.j.p.h.s.HTTPJavaImpl: Maximum connection retries = 0
2023-05-07 01:21:39,128 INFO o.a.j.t.JMeterThread: Thread started: P1-base-ex 1-2
2023-05-07 01:21:39,221 INFO o.a.j.t.JMeterThread: Thread is done: P1-base-ex 1-1
2023-05-07 01:21:39,221 INFO o.a.j.t.JMeterThread: Thread finished: P1-base-ex 1-1
2023-05-07 01:21:39,222 INFO o.a.j.t.JMeterThread: Thread is done: P1-base-ex 1-2
2023-05-07 01:21:39,223 INFO o.a.j.t.JMeterThread: Thread finished: P1-base-ex 1-2
2023-05-07 01:21:39,377 INFO o.a.j.t.JMeterThread: Thread started: P1-base-ex 1-3
2023-05-07 01:21:39,415 INFO o.a.j.t.JMeterThread: Thread is done: P1-base-ex 1-3
2023-05-07 01:21:39,415 INFO o.a.j.t.JMeterThread: Thread finished: P1-base-ex 1-3
2023-05-07 01:21:39,626 INFO o.a.j.t.JMeterThread: Thread started: P1-base-ex 1-4
2023-05-07 01:21:39,669 INFO o.a.j.t.JMeterThread: Thread is done: P1-base-ex 1-4
2023-05-07 01:21:39,669 INFO o.a.j.t.JMeterThread: Thread finished: P1-base-ex 1-4
2023-05-07 01:21:39,877 INFO o.a.j.t.JMeterThread: Thread started: P1-base-ex 1-5
2023-05-07 01:21:39,912 INFO o.a.j.t.JMeterThread: Thread is done: P1-base-ex 1-5
2023-05-07 01:21:39,913 INFO o.a.j.t.JMeterThread: Thread finished: P1-base-ex 1-5
2023-05-07 01:21:40,127 INFO o.a.j.t.JMeterThread: Thread started: P1-base-ex 1-6
2023-05-07 01:21:40,174 INFO o.a.j.t.JMeterThread: Thread is done: P1-base-ex 1-6
2023-05-07 01:21:40,174 INFO o.a.j.t.JMeterThread: Thread finished: P1-base-ex 1-6
2023-05-07 01:21:40,377 INFO o.a.j.t.JMeterThread: Thread started: P1-base-ex 1-7
2023-05-07 01:21:40,416 INFO o.a.j.t.JMeterThread: Thread is done: P1-base-ex 1-7
2023-05-07 01:21:40,416 INFO o.a.j.t.JMeterThread: Thread finished: P1-base-ex 1-7
2023-05-07 01:21:40,627 INFO o.a.j.t.JMeterThread: Thread started: P1-base-ex 1-8
2023-05-07 01:21:40,715 INFO o.a.j.t.JMeterThread: Thread is done: P1-base-ex 1-8
2023-05-07 01:21:40,715 INFO o.a.j.t.JMeterThread: Thread finished: P1-base-ex 1-8
2023-05-07 01:21:40,878 INFO o.a.j.t.JMeterThread: Thread started: P1-base-ex 1-9
2023-05-07 01:21:40,914 INFO o.a.j.t.JMeterThread: Thread is done: P1-base-ex 1-9
2023-05-07 01:21:40,914 INFO o.a.j.t.JMeterThread: Thread finished: P1-base-ex 1-9
2023-05-07 01:21:41,127 INFO o.a.j.t.JMeterThread: Thread started: P1-base-ex 1-10
2023-05-07 01:21:41,183 INFO o.a.j.t.JMeterThread: Thread is done: P1-base-ex 1-10
2023-05-07 01:21:41,183 INFO o.a.j.t.JMeterThread: Thread finished: P1-base-ex 1-10
2023-05-07 01:21:41,378 INFO o.a.j.t.JMeterThread: Thread started: P1-base-ex 1-11
2023-05-07 01:21:41,414 INFO o.a.j.t.JMeterThread: Thread is done: P1-base-ex 1-11
2023-05-07 01:21:41,414 INFO o.a.j.t.JMeterThread: Thread finished: P1-base-ex 1-11
2023-05-07 01:21:41,627 INFO o.a.j.t.JMeterThread: Thread started: P1-base-ex 1-12
2023-05-07 01:21:41,667 INFO o.a.j.t.JMeterThread: Thread is done: P1-base-ex 1-12
2023-05-07 01:21:41,667 INFO o.a.j.t.JMeterThread: Thread finished: P1-base-ex 1-12
2023-05-07 01:21:41,877 INFO o.a.j.t.JMeterThread: Thread started: P1-base-ex 1-13
2023-05-07 01:21:41,921 INFO o.a.j.t.JMeterThread: Thread is done: P1-base-ex 1-13
2023-05-07 01:21:41,921 INFO o.a.j.t.JMeterThread: Thread finished: P1-base-ex 1-13
2023-05-07 01:21:42,127 INFO o.a.j.t.JMeterThread: Thread started: P1-base-ex 1-14
2023-05-07 01:21:42,166 INFO o.a.j.t.JMeterThread: Thread is done: P1-base-ex 1-14
2023-05-07 01:21:42,166 INFO o.a.j.t.JMeterThread: Thread finished: P1-base-ex 1-14
2023-05-07 01:21:42,377 INFO o.a.j.t.JMeterThread: Thread started: P1-base-ex 1-15
2023-05-07 01:21:42,449 INFO o.a.j.t.JMeterThread: Thread is done: P1-base-ex 1-15
2023-05-07 01:21:42,450 INFO o.a.j.t.JMeterThread: Thread finished: P1-base-ex 1-15
2023-05-07 01:21:42,626 INFO o.a.j.t.JMeterThread: Thread started: P1-base-ex 1-16
2023-05-07 01:21:42,699 INFO o.a.j.t.JMeterThread: Thread is done: P1-base-ex 1-16
2023-05-07 01:21:42,700 INFO o.a.j.t.JMeterThread: Thread finished: P1-base-ex 1-16
2023-05-07 01:21:42,877 INFO o.a.j.t.JMeterThread: Thread started: P1-base-ex 1-17
2023-05-07 01:21:42,943 INFO o.a.j.t.JMeterThread: Thread is done: P1-base-ex 1-17
2023-05-07 01:21:42,943 INFO o.a.j.t.JMeterThread: Thread finished: P1-base-ex 1-17
2023-05-07 01:21:43,127 INFO o.a.j.t.JMeterThread: Thread started: P1-base-ex 1-18
2023-05-07 01:21:43,163 INFO o.a.j.t.JMeterThread: Thread is done: P1-base-ex 1-18
2023-05-07 01:21:43,163 INFO o.a.j.t.JMeterThread: Thread finished: P1-base-ex 1-18
2023-05-07 01:21:43,377 INFO o.a.j.t.JMeterThread: Thread started: P1-base-ex 1-19
2023-05-07 01:21:43,441 INFO o.a.j.t.JMeterThread: Thread is done: P1-base-ex 1-19
2023-05-07 01:21:43,441 INFO o.a.j.t.JMeterThread: Thread finished: P1-base-ex 1-19
2023-05-07 01:21:43,627 INFO o.a.j.t.JMeterThread: Thread started: P1-base-ex 1-20
2023-05-07 01:21:43,684 INFO o.a.j.t.JMeterThread: Thread is done: P1-base-ex 1-20
2023-05-07 01:21:43,684 INFO o.a.j.t.JMeterThread: Thread finished: P1-base-ex 1-20
2023-05-07 01:21:43,684 INFO o.a.j.e.StandardJMeterEngine: Notifying test listeners of end of test
2023-05-07 01:21:43,685 INFO o.a.j.g.u.JMeterMenuBar: setRunning(false, *local*)
