Command line:
   divider_tb_isim_beh.exe
     -simmode  gui
     -simrunnum  0
     -socket  49651

Wed Nov 25 10:20:47 2020


 Elaboration Time: 0.125 sec

 Current Memory Usage: 5160.66 Meg

 Total Signals          : 428
 Total Nets             : 119
 Total Signal Drivers   : 93
 Total Blocks           : 87
 Total Primitive Blocks : 67
 Total Processes        : 93
 Total Traceable Variables  : 30
 Total Scalar Nets and Variables : 619
Total Line Count : 125

 Total Simulation Time: 0.15625 sec

 Current Memory Usage: 5003.37 Meg

Wed Nov 25 10:22:04 2020

