Command line:
   P1EJ2b_tb_isim_beh.exe
     -simmode  gui
     -simrunnum  0
     -socket  51018

Wed Oct 14 12:30:51 2020


 Elaboration Time: 0.078125 sec

 Current Memory Usage: 5160.71 Meg

 Total Signals          : 70
 Total Nets             : 42
 Total Signal Drivers   : 14
 Total Blocks           : 16
 Total Primitive Blocks : 14
 Total Processes        : 14
 Total Traceable Variables  : 16
 Total Scalar Nets and Variables : 544
Total Line Count : 17

 Total Simulation Time: 0.109375 sec

 Current Memory Usage: 5160.71 Meg

Wed Oct 14 12:31:15 2020

