Running sch2hdl...
Command Line: sch2hdl -batch {C:/Users/migue/OneDrive/Escritorio/1 DE CARRERA/Fundamento de Computadoras/PRACTICA1/sch2HdlBatchFile}
Release 14.7 - sch2hdl P.20131013 (nt64)
Copyright (c) 1995-2013 Xilinx, Inc.  All rights reserved.
DRC Check "p1ej2a.sch" schematic completed: No Error found.
Vhdl netlist file "p1ej2a.vhf" generated.

Started : "Simulate Behavioral Model".

Determining files marked for global include in the design...
Running fuse...
Command Line: fuse -intstyle ise -incremental -o {C:/Users/migue/OneDrive/Escritorio/1 DE CARRERA/Fundamento de Computadoras/PRACTICA1/P1EJ2a_tb_isim_beh.exe} -prj {C:/Users/migue/OneDrive/Escritorio/1 DE CARRERA/Fundamento de Computadoras/PRACTICA1/P1EJ2a_tb_beh.prj} work.P1EJ2a_tb {}
Running: C:\Xilinx\14.7\ISE_DS\ISE\bin\nt64\unwrapped\fuse.exe -intstyle ise -incremental -o C:/Users/migue/OneDrive/Escritorio/1 DE CARRERA/Fundamento de Computadoras/PRACTICA1/P1EJ2a_tb_isim_beh.exe -prj C:/Users/migue/OneDrive/Escritorio/1 DE CARRERA/Fundamento de Computadoras/PRACTICA1/P1EJ2a_tb_beh.prj work.P1EJ2a_tb 
ISim P.20131013 (signature 0x7708f090)
Number of CPUs detected in this system: 8
Turning on mult-threading, number of parallel sub-compilation jobs: 16 
Determining compilation order of HDL files
Parsing VHDL file "C:/Users/migue/OneDrive/Escritorio/1 DE CARRERA/Fundamento de Computadoras/PRACTICA1/p1ej2a.vhf" into library work
Parsing VHDL file "C:/Users/migue/OneDrive/Escritorio/1 DE CARRERA/Fundamento de Computadoras/PRACTICA1/../p1ej2a_tb.vhd" into library work
Starting static elaboration
Completed static elaboration
Compiling package standard
Compiling package std_logic_1164
Compiling package std_logic_arith
Compiling package std_logic_unsigned
Compiling package numeric_std
Compiling package vcomponents
Compiling architecture and2_v of entity AND2 [and2_default]
Compiling architecture or2_v of entity OR2 [or2_default]
Compiling architecture inv_v of entity INV [inv_default]
Compiling architecture behavioral of entity p1ej2a [p1ej2a_default]
Compiling architecture behavioral of entity p1ej2a_tb
Time Resolution for simulation is 1ps.
Waiting for 1 sub-compilation(s) to finish...
Compiled 15 VHDL Units
Built simulation executable C:/Users/migue/OneDrive/Escritorio/1 DE CARRERA/Fundamento de Computadoras/PRACTICA1/P1EJ2a_tb_isim_beh.exe
Fuse Memory Usage: 51000 KB
Fuse CPU Usage: 546 ms
Launching ISim simulation engine GUI...
"C:/Users/migue/OneDrive/Escritorio/1 DE CARRERA/Fundamento de Computadoras/PRACTICA1/P1EJ2a_tb_isim_beh.exe" -intstyle ise -gui -tclbatch isim.cmd  -wdb "C:/Users/migue/OneDrive/Escritorio/1 DE CARRERA/Fundamento de Computadoras/PRACTICA1/P1EJ2a_tb_isim_beh.wdb"
ISim simulation engine GUI launched successfully

Process "Simulate Behavioral Model" completed successfully
