Command line:
   P2EJ1a_tb_isim_beh.exe
     -simmode  gui
     -simrunnum  1
     -socket  65480

Wed Oct 28 11:21:34 2020


 Elaboration Time: 0.046875 sec
 Current Memory Usage: 5160.71 Meg

 Total Signals          : 106
 Total Nets             : 46
 Total Signal Drivers   : 18
 Total Blocks           : 23
 Total Primitive Blocks : 18
 Total Processes        : 18
 Total Traceable Variables  : 16
 Total Scalar Nets and Variables : 548
Total Line Count : 23

 Total Simulation Time: 0.09375 sec

 Current Memory Usage: 4688.85 Meg

Wed Oct 28 11:25:29 2020


