Command line:
   p3ej1_tb_isim_beh.exe
     -simmode  gui
     -simrunnum  0
     -socket  49796

Wed Nov 11 13:13:52 2020


 Elaboration Time: 0.046875 sec

 Current Memory Usage: 5160.08 Meg

 Total Signals          : 76
 Total Nets             : 43
 Total Signal Drivers   : 19
 Total Blocks           : 13
 Total Primitive Blocks : 11
 Total Processes        : 18
 Total Traceable Variables  : 19
 Total Scalar Nets and Variables : 532
Total Line Count : 36

 Total Simulation Time: 0.0625 sec

 Current Memory Usage: 5160.08 Meg

Wed Nov 11 13:14:06 2020

