Command line:
   P2EJ1a_tb_isim_beh.exe
     -simmode  gui
     -simrunnum  0
     -socket  51731

Fri Oct 30 12:23:33 2020


 Elaboration Time: 0.03125 sec

 Current Memory Usage: 5160.1 Meg

 Total Signals          : 154
 Total Nets             : 54
 Total Signal Drivers   : 26
 Total Blocks           : 33
 Total Primitive Blocks : 26
 Total Processes        : 26
 Total Traceable Variables  : 16
 Total Scalar Nets and Variables : 556
Total Line Count : 35

 Total Simulation Time: 0.03125 sec

 Current Memory Usage: 5160.1 Meg

Fri Oct 30 12:23:51 2020

