Command line:
   p3ej2_tb_isim_beh.exe
     -simmode  gui
     -simrunnum  0
     -socket  59666

Sun Nov 15 19:30:36 2020


 Elaboration Time: 0.046875 sec

 Current Memory Usage: 5160.62 Meg

 Total Signals          : 323
 Total Nets             : 95
 Total Signal Drivers   : 69
 Total Blocks           : 67
 Total Primitive Blocks : 52
 Total Processes        : 68
 Total Traceable Variables  : 22
 Total Scalar Nets and Variables : 587
Total Line Count : 90

 Total Simulation Time: 0.0625 sec

 Current Memory Usage: 4688.76 Meg

Sun Nov 15 22:08:08 2020

