Running: C:\Xilinx\14.7\ISE_DS\ISE\bin\nt64\unwrapped\fuse.exe -intstyle ise -incremental -o C:/Users/migue/OneDrive/Escritorio/1 DE CARRERA/Fundamento de Computadoras/pr/P1EJ3a_tb_isim_beh.exe -prj C:/Users/migue/OneDrive/Escritorio/1 DE CARRERA/Fundamento de Computadoras/pr/P1EJ3a_tb_beh.prj work.P1EJ3a_tb 
ISim P.20131013 (signature 0x7708f090)
Number of CPUs detected in this system: 8
Turning on mult-threading, number of parallel sub-compilation jobs: 16 
Determining compilation order of HDL files
Parsing VHDL file "C:/Users/migue/OneDrive/Escritorio/1 DE CARRERA/Fundamento de Computadoras/pr/../p1ej3a_tb.vhd" into library work
Parsing VHDL file "C:/Users/migue/OneDrive/Escritorio/1 DE CARRERA/Fundamento de Computadoras/pr/p1ej1b.vhf" into library work
Starting static elaboration
WARNING:HDLCompiler:89 - "C:/Users/migue/OneDrive/Escritorio/1 DE CARRERA/Fundamento de Computadoras/pr/../p1ej3a_tb.vhd" Line 33: <p1ej3a> remains a black-box since it has no binding entity.
Completed static elaboration
WARNING:Simulator:648 - "C:/Users/migue/OneDrive/Escritorio/1 DE CARRERA/Fundamento de Computadoras/pr/../p1ej3a_tb.vhd" Line 33. Instance p1ej3a is unbound
Compiling package standard
Compiling package std_logic_1164
Compiling package numeric_std
Compiling package vcomponents
Compiling architecture behavioral of entity p1ej3a_tb
Time Resolution for simulation is 1ps.
Compiled 5 VHDL Units
Built simulation executable C:/Users/migue/OneDrive/Escritorio/1 DE CARRERA/Fundamento de Computadoras/pr/P1EJ3a_tb_isim_beh.exe
Fuse Memory Usage: 49092 KB
Fuse CPU Usage: 484 ms
