Command line:
   P1EJ3a_tb_isim_beh.exe
     -simmode  gui
     -simrunnum  0
     -socket  51629

Wed Oct 14 20:03:24 2020


 Elaboration Time: 0.09375 sec

 Current Memory Usage: 5160.64 Meg

 Total Signals          : 56
 Total Nets             : 37
 Total Signal Drivers   : 10
 Total Blocks           : 11
 Total Primitive Blocks : 9
 Total Processes        : 10
 Total Traceable Variables  : 14
 Total Scalar Nets and Variables : 521
Total Line Count : 13

 Total Simulation Time: 0.09375 sec

 Current Memory Usage: 5475.22 Meg

Wed Oct 14 20:03:54 2020

