 1000 0.000000 29.570000 1000 1
 1100 0.000000 29.376364 1062 1
 1200 0.000000 38.020000 1200 1
 1300 0.000000 33.214615 1229 1
 1400 0.000000 32.577857 1364 1
 1500 0.000000 40.055333 1471 1
 1600 0.000000 39.690625 1449 1
 1700 0.000000 48.862353 1624 1
 1800 0.000000 34.843889 1750 1
 1900 0.000000 48.712632 1885 1
 2000 0.000000 50.411500 1992 1
 2100 0.000000 44.198095 2068 1
 2200 0.000000 56.498636 2198 1
 2300 0.000000 68.863043 2296 1
 2400 0.000000 48.457917 2273 1
 2500 0.000000 45.270000 2409 1
 2600 0.000000 51.381538 2497 1
 2700 0.000000 47.815185 2697 1
 2800 0.000000 60.452143 2786 1
 2900 0.000000 63.399655 2892 1
 3000 0.000000 67.330667 2964 1
 3100 0.000000 72.299355 2856 1
 3200 0.000000 53.891562 3189 1
 3300 0.000000 60.773030 3261 1
 3400 0.000000 66.228824 3388 1
 3500 0.000000 62.353429 3488 1
 3600 0.000000 65.284167 3365 1
 3700 0.000000 62.506486 3662 1
 3800 0.000000 66.341579 3799 1
 3900 0.000000 71.071026 3722 1
 4000 0.000000 85.761500 3966 1
 4100 0.000000 63.578293 4088 1
 4200 0.000000 70.475952 4164 1
 4300 0.000000 75.486279 4232 1
 4400 0.000000 76.261136 4386 1
 4500 0.000000 71.691333 4472 1
 4600 0.000000 73.160435 4441 1
 4700 0.000002 80.095532 4679 1
 4800 0.000001 76.111875 4711 1
 4900 0.000000 74.422857 4873 1
 5000 0.000000 76.935600 4898 1
 5100 0.000000 69.285098 4975 1
 5200 0.000000 67.896154 4873 1
 5300 0.000000 79.782453 5201 1
 5400 0.000000 93.480000 5073 1
 5500 0.000000 83.010000 5406 1
 5600 0.000000 83.269464 5485 1
 5700 0.000000 82.750000 5687 1
 5800 0.000000 90.801034 5781 1
 5900 0.000000 84.614576 5883 1
 6000 0.000000 85.052000 5869 1
 6100 0.000000 81.603279 5660 1
 6200 0.000000 81.188710 6159 1
 6300 0.000000 91.339206 6138 1
 6400 0.000000 81.576562 6338 1
 6500 0.000000 83.357385 6369 1
 6600 0.000000 85.904091 6496 1
 6700 0.000000 93.118955 6566 1
 6800 0.000000 85.669559 6725 1
 6900 0.000000 80.318696 6898 1
 7000 0.000000 85.926286 6990 1
 7100 0.000000 100.237183 7057 1
 7200 0.000000 95.333750 7186 1
 7300 0.000000 101.362192 7294 1
 7400 0.000000 96.523514 7076 1
 7500 0.000000 92.867467 7326 1
 7600 0.000000 100.510789 7350 1
 7700 0.000000 95.696364 7621 1
 7800 0.000000 100.557564 7779 1
 7900 0.000000 101.961519 7832 1
 8000 0.000000 92.809125 7945 1
 8100 0.000000 100.754321 8095 1
 8200 0.000000 102.350976 8127 1
 8300 0.000000 103.432892 8296 1
 8400 0.000000 97.952262 8399 1
 8500 0.000000 111.859765 8049 1
 8600 0.000000 100.925116 8541 1
 8700 0.000000 110.216092 8665 1
 8800 0.000000 97.795682 8569 1
 8900 0.000000 99.882022 8689 1
 9000 0.000000 99.094667 8955 1
 9100 0.000000 109.223626 9085 1
 9200 0.000000 101.862283 9086 1
 9300 0.000000 121.363118 9254 1
 9400 0.000000 105.819574 9249 1
 9500 0.000000 112.569789 9333 1
 9600 0.000000 111.367083 9457 1
 9700 0.000000 105.763711 9458 1
 9800 0.000000 108.730612 9763 1
 9900 0.000000 127.644343 9704 1
 10000 0.000000 110.379300 9654 1
