 1000 0.000001 316.979630 98853 1
 1100 0.000001 334.673127 109958 1
 1200 0.000001 349.470950 119475 1
 1300 0.000001 364.960731 129706 1
 1400 0.000001 390.025943 139939 1
 1500 0.000001 426.395200 149520 1
 1600 0.000001 379.010837 159615 1
 1700 0.000001 406.414106 169042 1
 1800 0.000001 422.238383 179870 1
 1900 0.000001 448.617863 189925 1
 2000 0.000001 490.127895 198742 1
 2100 0.000001 484.612014 209792 1
 2200 0.000001 482.057868 218093 1
 2300 0.000001 490.571335 228770 1
 2400 0.000001 483.312325 239484 1
 2500 0.000002 545.851604 249488 1
 2600 0.000002 561.988892 259998 1
 2700 0.000001 549.931004 269075 1
 2800 0.000001 576.734639 279623 1
 2900 0.000001 550.030707 289940 1
 3000 0.000001 558.441197 299132 1
 3100 0.000002 591.613181 309833 1
 3200 0.000002 611.153469 318970 1
 3300 0.000002 615.671488 328808 1
 3400 0.000002 613.246038 337160 1
 3500 0.000002 637.095271 348534 1
 3600 0.000002 623.751789 358959 1
 3700 0.000002 625.736457 369534 1
 3800 0.000002 631.140853 379866 1
 3900 0.000002 724.511808 389327 1
 4000 0.000002 658.280175 396833 1
 4100 0.000002 734.011868 409630 1
 4200 0.000002 684.624314 417770 1
 4300 0.000002 673.130716 429812 1
 4400 0.000002 717.897489 437766 1
 4500 0.000002 703.655924 449401 1
 4600 0.000002 715.778120 459194 1
 4700 0.000002 748.993094 469630 1
 4800 0.000002 723.301440 479194 1
 4900 0.000002 772.360178 489215 1
 5000 0.000002 779.896882 499916 1
 5100 0.000002 772.086973 509041 1
 5200 0.000002 777.303621 519451 1
 5300 0.000002 778.780864 528484 1
 5400 0.000002 816.377169 539861 1
 5500 0.000002 796.481427 549905 1
 5600 0.000002 760.490579 559788 1
 5700 0.000002 820.920568 569206 1
 5800 0.000002 858.195776 578689 1
 5900 0.000002 841.281047 588815 1
 6000 0.000002 822.659018 599897 1
 6100 0.000002 891.687575 609635 1
 6200 0.000002 863.089735 619710 1
 6300 0.000002 831.782619 629851 1
 6400 0.000002 878.386581 639038 1
 6500 0.000002 874.930463 648850 1
 6600 0.000002 936.335914 659302 1
 6700 0.000002 841.837469 669118 1
 6800 0.000002 908.153301 678584 1
 6900 0.000002 944.067065 689307 1
 7000 0.000002 929.645123 698754 1
 7100 0.000002 929.885646 707829 1
 7200 0.000002 934.256504 718726 1
 7300 0.000002 945.627447 728697 1
 7400 0.000003 989.461834 739662 1
 7500 0.000002 947.748035 746749 1
 7600 0.000002 949.067972 759566 1
 7700 0.000003 994.239887 769844 1
 7800 0.000003 958.519806 779230 1
 7900 0.000003 983.350119 789451 1
 8000 0.000002 976.299585 798955 1
 8100 0.000002 986.243632 809379 1
 8200 0.000003 993.427663 819889 1
 8300 0.000003 974.450228 829806 1
 8400 0.000003 1016.527644 839394 1
 8500 0.000003 1060.376748 845352 1
 8600 0.000003 1036.036360 857154 1
 8700 0.000003 988.438729 869461 1
 8800 0.000003 1041.258410 879159 1
 8900 0.000003 1081.023600 887262 1
 9000 0.000003 1057.045573 894228 1
 9100 0.000003 1025.038840 909853 1
 9200 0.000003 1062.801472 918827 1
 9300 0.000003 1065.702511 928549 1
 9400 0.000003 1047.142234 938215 1
 9500 0.000003 1080.718842 948348 1
 9600 0.000003 1058.927456 957196 1
 9700 0.000003 1104.432867 969516 1
 9800 0.000003 1099.733344 979707 1
 9900 0.000003 1094.269725 988814 1
 10000 0.000003 1118.340979 999927 1
