 1000 0.000000 7.861563 25 1
 1100 0.000000 7.135403 25 1
 1200 0.000000 6.602677 25 1
 1300 0.000000 8.758103 25 1
 1400 0.000000 7.145123 25 1
 1500 0.000000 8.458937 25 1
 1600 0.000000 7.695653 25 1
 1700 0.000000 7.409856 26 1
 1800 0.000000 8.587865 26 1
 1900 0.000000 8.936074 26 1
 2000 0.000000 7.179410 26 1
 2100 0.000000 8.545471 26 1
 2200 0.000000 7.939929 26 1
 2300 0.000000 11.550623 26 1
 2400 0.000000 8.367750 26 1
 2500 0.000000 9.005710 26 1
 2600 0.000000 9.219427 26 1
 2700 0.000000 9.117310 26 1
 2800 0.000000 9.798793 26 1
 2900 0.000000 8.752735 26 1
 3000 0.000000 6.831783 26 1
 3100 0.000000 8.823553 26 1
 3200 0.000000 8.687414 26 1
 3300 0.000000 10.595942 26 1
 3400 0.000000 10.452787 27 1
 3500 0.000000 8.546961 27 1
 3600 0.000000 9.309545 27 1
 3700 0.000000 9.225314 27 1
 3800 0.000000 7.374451 27 1
 3900 0.000000 7.094937 27 1
 4000 0.000000 8.723071 27 1
 4100 0.000000 6.430972 27 1
 4200 0.000000 8.641274 27 1
 4300 0.000000 7.794424 27 1
 4400 0.000000 8.492554 27 1
 4500 0.000000 9.814068 27 1
 4600 0.000000 8.332794 27 1
 4700 0.000000 7.999025 27 1
 4800 0.000000 10.206750 27 1
 4900 0.000000 9.511083 27 1
 5000 0.000000 7.793985 27 1
 5100 0.000000 7.323275 27 1
 5200 0.000000 9.322303 27 1
 5300 0.000000 9.821845 27 1
 5400 0.000000 8.168155 27 1
 5500 0.000000 11.516285 27 1
 5600 0.000000 6.652408 27 1
 5700 0.000000 8.213567 27 1
 5800 0.000000 7.884863 27 1
 5900 0.000000 8.239527 27 1
 6000 0.000000 7.025548 27 1
 6100 0.000000 6.729207 27 1
 6200 0.000000 9.246917 27 1
 6300 0.000000 8.156972 27 1
 6400 0.000000 6.707912 27 1
 6500 0.000000 8.537263 27 1
 6600 0.000000 7.676693 27 1
 6700 0.000000 7.290090 27 1
 6800 0.000000 9.807116 28 1
 6900 0.000000 9.866437 28 1
 7000 0.000000 9.549546 28 1
 7100 0.000000 9.585159 28 1
 7200 0.000000 7.208956 28 1
 7300 0.000000 9.199827 28 1
 7400 0.000000 8.132794 28 1
 7500 0.000000 8.175280 28 1
 7600 0.000000 10.124559 28 1
 7700 0.000000 8.907587 28 1
 7800 0.000000 8.082329 28 1
 7900 0.000000 8.954200 28 1
 8000 0.000000 7.440918 28 1
 8100 0.000000 10.023662 28 1
 8200 0.000000 8.048121 28 1
 8300 0.000000 7.615125 28 1
 8400 0.000000 9.443391 28 1
 8500 0.000000 10.179540 28 1
 8600 0.000000 9.646831 28 1
 8700 0.000000 8.366947 28 1
 8800 0.000000 10.848976 28 1
 8900 0.000000 8.538998 28 1
 9000 0.000000 10.283405 28 1
 9100 0.000000 7.933352 28 1
 9200 0.000000 7.678526 28 1
 9300 0.000000 10.475931 28 1
 9400 0.000000 8.770204 28 1
 9500 0.000000 7.899175 28 1
 9600 0.000000 8.766361 28 1
 9700 0.000000 8.656623 28 1
 9800 0.000000 7.454338 28 1
 9900 0.000000 10.779803 28 1
 10000 0.000000 7.901459 28 1
