 1000 0.000000 4.560000 11 1
 1100 0.000000 4.402727 12 1
 1200 0.000000 5.461667 12 1
 1300 0.000000 6.375385 12 1
 1400 0.000000 4.879286 12 1
 1500 0.000000 4.884667 12 1
 1600 0.000000 4.744375 12 1
 1700 0.000000 7.422941 12 1
 1800 0.000000 5.973333 12 1
 1900 0.000000 5.340526 12 1
 2000 0.000000 5.812500 12 1
 2100 0.000000 5.126190 13 1
 2200 0.000000 4.999545 13 1
 2300 0.000000 5.273913 13 1
 2400 0.000000 4.946250 13 1
 2500 0.000000 7.666400 13 1
 2600 0.000000 8.457692 13 1
 2700 0.000000 5.642963 13 1
 2800 0.000000 5.550000 13 1
 2900 0.000000 8.653103 13 1
 3000 0.000000 6.551667 13 1
 3100 0.000000 5.070323 13 1
 3200 0.000000 5.179688 13 1
 3300 0.000000 6.304242 13 1
 3400 0.000000 5.244118 13 1
 3500 0.000000 6.600286 13 1
 3600 0.000000 6.185556 13 1
 3700 0.000000 5.376216 13 1
 3800 0.000000 5.163947 13 1
 3900 0.000000 5.176410 13 1
 4000 0.000000 6.364250 13 1
 4100 0.000000 4.987561 14 1
 4200 0.000000 5.880476 14 1
 4300 0.000000 6.277674 14 1
 4400 0.000000 4.763182 14 1
 4500 0.000000 6.283111 14 1
 4600 0.000000 5.391739 14 1
 4700 0.000000 6.388085 14 1
 4800 0.000000 8.629167 14 1
 4900 0.000000 5.369184 14 1
 5000 0.000000 6.285200 14 1
 5100 0.000000 5.895882 14 1
 5200 0.000000 5.681346 14 1
 5300 0.000000 6.156038 14 1
 5400 0.000000 6.970185 14 1
 5500 0.000000 6.305636 14 1
 5600 0.000000 6.428393 14 1
 5700 0.000000 6.321404 14 1
 5800 0.000000 6.778621 14 1
 5900 0.000000 6.387966 14 1
 6000 0.000000 6.045500 14 1
 6100 0.000000 5.312131 14 1
 6200 0.000000 4.813710 14 1
 6300 0.000000 6.043810 14 1
 6400 0.000000 6.322344 14 1
 6500 0.000000 5.921538 14 1
 6600 0.000000 7.983182 14 1
 6700 0.000000 6.348209 14 1
 6800 0.000000 5.448824 14 1
 6900 0.000000 6.549565 14 1
 7000 0.000000 4.803429 14 1
 7100 0.000000 8.184085 14 1
 7200 0.000000 6.789861 14 1
 7300 0.000000 5.216575 14 1
 7400 0.000000 6.143378 14 1
 7500 0.000000 5.535067 14 1
 7600 0.000000 5.727105 14 1
 7700 0.000000 5.733247 14 1
 7800 0.000000 6.072179 14 1
 7900 0.000000 6.809620 14 1
 8000 0.000000 6.272000 14 1
 8100 0.000000 4.804198 14 1
 8200 0.000000 5.227073 15 1
 8300 0.000000 6.664578 15 1
 8400 0.000000 5.907381 15 1
 8500 0.000000 6.723059 15 1
 8600 0.000000 7.221163 15 1
 8700 0.000000 6.372069 15 1
 8800 0.000000 4.660682 15 1
 8900 0.000000 6.417753 15 1
 9000 0.000000 6.695778 15 1
 9100 0.000000 7.559451 15 1
 9200 0.000000 7.813913 15 1
 9300 0.000000 6.542366 15 1
 9400 0.000000 4.796170 15 1
 9500 0.000000 6.379263 15 1
 9600 0.000000 5.619063 15 1
 9700 0.000000 7.611649 15 1
 9800 0.000000 5.874592 15 1
 9900 0.000000 6.180202 15 1
 10000 0.000000 5.615100 15 1
