 1000 0.000000 6.644650 18 1
 1100 0.000000 7.076927 18 1
 1200 0.000000 7.766083 18 1
 1300 0.000000 6.211385 18 1
 1400 0.000000 6.704464 19 1
 1500 0.000000 6.093727 19 1
 1600 0.000000 7.534344 19 1
 1700 0.000000 6.201218 19 1
 1800 0.000000 7.613461 19 1
 1900 0.000000 9.020463 19 1
 2000 0.000000 8.036050 19 1
 2100 0.000000 10.766933 19 1
 2200 0.000000 8.150664 19 1
 2300 0.000000 5.613378 19 1
 2400 0.000000 9.183058 19 1
 2500 0.000000 8.064808 19 1
 2600 0.000000 9.465250 19 1
 2700 0.000000 8.944389 20 1
 2800 0.000000 9.831575 20 1
 2900 0.000000 6.356707 20 1
 3000 0.000000 7.258900 20 1
 3100 0.000000 8.733674 20 1
 3200 0.000000 8.155400 20 1
 3300 0.000000 7.668552 20 1
 3400 0.000000 8.160788 20 1
 3500 0.000000 7.324526 20 1
 3600 0.000000 8.073572 20 1
 3700 0.000000 8.247657 20 1
 3800 0.000000 7.736663 20 1
 3900 0.000000 6.772251 20 1
 4000 0.000000 9.308423 20 1
 4100 0.000000 5.520788 20 1
 4200 0.000000 8.797840 20 1
 4300 0.000000 7.279540 20 1
 4400 0.000000 6.742650 20 1
 4500 0.000000 7.687169 20 1
 4600 0.000000 6.623372 20 1
 4700 0.000000 8.002404 20 1
 4800 0.000000 7.253594 20 1
 4900 0.000000 6.538396 20 1
 5000 0.000000 8.836912 20 1
 5100 0.000000 10.448414 20 1
 5200 0.000000 8.011631 20 1
 5300 0.000000 6.972392 21 1
 5400 0.000000 7.783272 21 1
 5500 0.000000 6.707002 21 1
 5600 0.000000 7.893868 21 1
 5700 0.000000 7.440912 21 1
 5800 0.000000 5.719266 21 1
 5900 0.000000 8.608602 21 1
 6000 0.000000 7.199612 21 1
 6100 0.000000 7.352903 21 1
 6200 0.000000 6.715089 21 1
 6300 0.000000 7.270644 21 1
 6400 0.000000 6.061611 21 1
 6500 0.000000 7.089182 21 1
 6600 0.000000 6.110818 21 1
 6700 0.000000 7.994021 21 1
 6800 0.000000 6.207678 21 1
 6900 0.000000 6.268377 21 1
 7000 0.000000 7.009207 21 1
 7100 0.000000 8.922962 21 1
 7200 0.000000 7.566831 21 1
 7300 0.000000 7.305264 21 1
 7400 0.000000 8.375486 21 1
 7500 0.000000 6.962403 21 1
 7600 0.000000 6.091379 21 1
 7700 0.000000 6.211606 21 1
 7800 0.000000 7.526149 21 1
 7900 0.000000 7.475244 21 1
 8000 0.000000 6.851635 21 1
 8100 0.000000 7.589302 21 1
 8200 0.000000 6.871155 21 1
 8300 0.000000 5.796778 21 1
 8400 0.000000 8.318921 21 1
 8500 0.000000 6.434351 21 1
 8600 0.000000 6.756706 21 1
 8700 0.000000 6.154168 21 1
 8800 0.000000 7.133088 21 1
 8900 0.000000 5.778191 21 1
 9000 0.000000 6.820156 21 1
 9100 0.000000 6.821914 21 1
 9200 0.000000 7.660335 21 1
 9300 0.000000 9.298802 21 1
 9400 0.000000 7.550502 21 1
 9500 0.000000 9.578096 21 1
 9600 0.000000 7.978376 21 1
 9700 0.000000 7.509708 21 1
 9800 0.000000 7.316087 21 1
 9900 0.000000 10.140719 21 1
 10000 0.000000 8.582592 21 1
